ASSERTION	AAEDAAEBAwAAAAAAAABZQA==
ASSERTION	AAICAAIBAAAAAAAAABRA
RUN	AdvancedSimulation	advancedsimulation	1710114841993	 	3.2.1
USER	Editar Usuário	1	START	1710114842665	1710114842665
REQUEST	1		PUT_Usuario	1710114842693	1710114842751	KO	status.find.is(200), but actually found 400
USER	Editar Usuário	1	END	1710114842665	1710114842785
USER	Editar Usuário	2	START	1710114843684	1710114843684
REQUEST	2		PUT_Usuario	1710114843686	1710114843696	KO	status.find.is(200), but actually found 400
USER	Editar Usuário	2	END	1710114843684	1710114843696
USER	Editar Usuário	3	START	1710114844683	1710114844683
REQUEST	3		PUT_Usuario	1710114844684	1710114844688	KO	status.find.is(200), but actually found 400
USER	Editar Usuário	3	END	1710114844683	1710114844689
USER	Editar Usuário	4	START	1710114845674	1710114845674
REQUEST	4		PUT_Usuario	1710114845675	1710114845681	KO	status.find.is(200), but actually found 400
USER	Editar Usuário	4	END	1710114845674	1710114845682
USER	Editar Usuário	5	START	1710114846674	1710114846674
REQUEST	5		PUT_Usuario	1710114846676	1710114846682	KO	status.find.is(200), but actually found 400
USER	Editar Usuário	5	END	1710114846674	1710114846683
USER	Editar Usuário	6	START	1710114847674	1710114847674
REQUEST	6		PUT_Usuario	1710114847675	1710114847680	KO	status.find.is(200), but actually found 400
USER	Editar Usuário	6	END	1710114847674	1710114847681
USER	Editar Usuário	7	START	1710114848675	1710114848675
REQUEST	7		PUT_Usuario	1710114848676	1710114848681	KO	status.find.is(200), but actually found 400
USER	Editar Usuário	7	END	1710114848675	1710114848682
USER	Editar Usuário	8	START	1710114849674	1710114849674
REQUEST	8		PUT_Usuario	1710114849674	1710114849680	KO	status.find.is(200), but actually found 400
USER	Editar Usuário	8	END	1710114849674	1710114849681
USER	Editar Usuário	9	START	1710114850674	1710114850674
REQUEST	9		PUT_Usuario	1710114850676	1710114850681	KO	status.find.is(200), but actually found 400
USER	Editar Usuário	9	END	1710114850674	1710114850682
USER	Editar Usuário	10	START	1710114851674	1710114851674
REQUEST	10		PUT_Usuario	1710114851674	1710114851679	KO	status.find.is(200), but actually found 400
USER	Editar Usuário	10	END	1710114851674	1710114851680
USER	Editar Usuário	11	START	1710114852674	1710114852674
REQUEST	11		PUT_Usuario	1710114852675	1710114852681	KO	status.find.is(200), but actually found 400
USER	Editar Usuário	11	END	1710114852674	1710114852682
USER	Editar Usuário	12	START	1710114853674	1710114853674
REQUEST	12		PUT_Usuario	1710114853676	1710114853683	KO	status.find.is(200), but actually found 400
USER	Editar Usuário	12	END	1710114853674	1710114853684
USER	Editar Usuário	13	START	1710114854673	1710114854673
REQUEST	13		PUT_Usuario	1710114854674	1710114854679	KO	status.find.is(200), but actually found 400
USER	Editar Usuário	13	END	1710114854673	1710114854680
USER	Editar Usuário	14	START	1710114855674	1710114855674
REQUEST	14		PUT_Usuario	1710114855676	1710114855684	KO	status.find.is(200), but actually found 400
USER	Editar Usuário	14	END	1710114855674	1710114855685
USER	Editar Usuário	15	START	1710114856674	1710114856674
REQUEST	15		PUT_Usuario	1710114856676	1710114856682	KO	status.find.is(200), but actually found 400
USER	Editar Usuário	15	END	1710114856674	1710114856683
USER	Editar Usuário	16	START	1710114857674	1710114857674
REQUEST	16		PUT_Usuario	1710114857676	1710114857680	KO	status.find.is(200), but actually found 400
USER	Editar Usuário	16	END	1710114857674	1710114857681
USER	Editar Usuário	17	START	1710114858674	1710114858674
REQUEST	17		PUT_Usuario	1710114858676	1710114858681	KO	status.find.is(200), but actually found 400
USER	Editar Usuário	17	END	1710114858674	1710114858682
USER	Editar Usuário	18	START	1710114859674	1710114859674
REQUEST	18		PUT_Usuario	1710114859676	1710114859684	KO	status.find.is(200), but actually found 400
USER	Editar Usuário	18	END	1710114859674	1710114859686
USER	Editar Usuário	19	START	1710114860674	1710114860674
REQUEST	19		PUT_Usuario	1710114860676	1710114860682	KO	status.find.is(200), but actually found 400
USER	Editar Usuário	19	END	1710114860674	1710114860683
USER	Editar Usuário	20	START	1710114861673	1710114861673
REQUEST	20		PUT_Usuario	1710114861674	1710114861677	KO	status.find.is(200), but actually found 400
USER	Editar Usuário	20	END	1710114861673	1710114861679
USER	Editar Usuário	24	START	1710114862674	1710114862674
USER	Editar Usuário	25	START	1710114862675	1710114862675
USER	Editar Usuário	22	START	1710114862673	1710114862673
USER	Editar Usuário	27	START	1710114862676	1710114862676
USER	Editar Usuário	21	START	1710114862673	1710114862673
USER	Editar Usuário	23	START	1710114862674	1710114862674
USER	Editar Usuário	30	START	1710114862677	1710114862677
USER	Editar Usuário	26	START	1710114862676	1710114862676
USER	Editar Usuário	29	START	1710114862677	1710114862677
USER	Editar Usuário	28	START	1710114862678	1710114862678
REQUEST	25		PUT_Usuario	1710114862676	1710114862680	KO	status.find.is(200), but actually found 400
USER	Editar Usuário	25	END	1710114862675	1710114862682
REQUEST	24		PUT_Usuario	1710114862676	1710114862682	KO	status.find.is(200), but actually found 400
USER	Editar Usuário	24	END	1710114862674	1710114862684
REQUEST	21		PUT_Usuario	1710114862674	1710114862687	KO	status.find.is(200), but actually found 400
REQUEST	23		PUT_Usuario	1710114862675	1710114862689	KO	status.find.is(200), but actually found 400
REQUEST	27		PUT_Usuario	1710114862676	1710114862689	KO	status.find.is(200), but actually found 400
REQUEST	22		PUT_Usuario	1710114862676	1710114862689	KO	status.find.is(200), but actually found 400
REQUEST	29		PUT_Usuario	1710114862678	1710114862691	KO	status.find.is(200), but actually found 400
REQUEST	28		PUT_Usuario	1710114862678	1710114862691	KO	status.find.is(200), but actually found 400
REQUEST	30		PUT_Usuario	1710114862677	1710114862689	KO	status.find.is(200), but actually found 400
USER	Editar Usuário	29	END	1710114862677	1710114862693
USER	Editar Usuário	23	END	1710114862674	1710114862693
REQUEST	26		PUT_Usuario	1710114862677	1710114862691	KO	status.find.is(200), but actually found 400
USER	Editar Usuário	21	END	1710114862673	1710114862694
USER	Editar Usuário	27	END	1710114862676	1710114862694
USER	Editar Usuário	22	END	1710114862673	1710114862695
USER	Editar Usuário	26	END	1710114862676	1710114862695
USER	Editar Usuário	28	END	1710114862678	1710114862695
USER	Editar Usuário	30	END	1710114862677	1710114862695
