ASSERTION	AAEDAAEBAwAAAAAAAABZQA==
ASSERTION	AAICAAIBAAAAAAAAABRA
RUN	AdvancedSimulation	advancedsimulation	1710116887492	 	3.2.1
USER	Editar Usuário	1	START	1710116888403	1710116888403
REQUEST	1		PUT_Usuario	1710116888439	1710116888455	OK	 
USER	Editar Usuário	1	END	1710116888403	1710116888468
USER	Editar Usuário	2	START	1710116889422	1710116889422
REQUEST	2		PUT_Usuario	1710116889423	1710116889435	OK	 
USER	Editar Usuário	2	END	1710116889422	1710116889436
USER	Editar Usuário	3	START	1710116890421	1710116890421
REQUEST	3		PUT_Usuario	1710116890422	1710116890427	OK	 
USER	Editar Usuário	3	END	1710116890421	1710116890428
USER	Editar Usuário	4	START	1710116891412	1710116891412
REQUEST	4		PUT_Usuario	1710116891414	1710116891420	OK	 
USER	Editar Usuário	4	END	1710116891412	1710116891421
USER	Editar Usuário	5	START	1710116892411	1710116892411
REQUEST	5		PUT_Usuario	1710116892415	1710116892419	OK	 
USER	Editar Usuário	5	END	1710116892411	1710116892420
USER	Editar Usuário	6	START	1710116893410	1710116893410
REQUEST	6		PUT_Usuario	1710116893411	1710116893420	OK	 
USER	Editar Usuário	6	END	1710116893410	1710116893421
USER	Editar Usuário	7	START	1710116894412	1710116894412
REQUEST	7		PUT_Usuario	1710116894413	1710116894419	OK	 
USER	Editar Usuário	7	END	1710116894412	1710116894419
USER	Editar Usuário	8	START	1710116895411	1710116895411
REQUEST	8		PUT_Usuario	1710116895413	1710116895419	OK	 
USER	Editar Usuário	8	END	1710116895411	1710116895420
USER	Editar Usuário	9	START	1710116896412	1710116896412
REQUEST	9		PUT_Usuario	1710116896413	1710116896419	KO	status.find.is(201), but actually found 400
USER	Editar Usuário	9	END	1710116896412	1710116896423
USER	Editar Usuário	10	START	1710116897412	1710116897412
REQUEST	10		PUT_Usuario	1710116897414	1710116897422	OK	 
USER	Editar Usuário	10	END	1710116897412	1710116897423
USER	Editar Usuário	11	START	1710116898411	1710116898411
REQUEST	11		PUT_Usuario	1710116898412	1710116898419	OK	 
USER	Editar Usuário	11	END	1710116898411	1710116898420
USER	Editar Usuário	12	START	1710116899411	1710116899411
REQUEST	12		PUT_Usuario	1710116899413	1710116899422	OK	 
USER	Editar Usuário	12	END	1710116899411	1710116899423
USER	Editar Usuário	13	START	1710116900411	1710116900411
REQUEST	13		PUT_Usuario	1710116900413	1710116900421	OK	 
USER	Editar Usuário	13	END	1710116900411	1710116900422
USER	Editar Usuário	14	START	1710116901411	1710116901411
REQUEST	14		PUT_Usuario	1710116901412	1710116901418	OK	 
USER	Editar Usuário	14	END	1710116901411	1710116901419
USER	Editar Usuário	15	START	1710116902411	1710116902411
REQUEST	15		PUT_Usuario	1710116902414	1710116902421	OK	 
USER	Editar Usuário	15	END	1710116902411	1710116902423
USER	Editar Usuário	16	START	1710116903411	1710116903411
REQUEST	16		PUT_Usuario	1710116903412	1710116903416	KO	status.find.is(201), but actually found 400
USER	Editar Usuário	16	END	1710116903411	1710116903418
USER	Editar Usuário	17	START	1710116904410	1710116904410
REQUEST	17		PUT_Usuario	1710116904411	1710116904414	OK	 
USER	Editar Usuário	17	END	1710116904410	1710116904415
USER	Editar Usuário	18	START	1710116905411	1710116905411
REQUEST	18		PUT_Usuario	1710116905412	1710116905417	OK	 
USER	Editar Usuário	18	END	1710116905411	1710116905419
USER	Editar Usuário	19	START	1710116906411	1710116906411
REQUEST	19		PUT_Usuario	1710116906413	1710116906420	OK	 
USER	Editar Usuário	19	END	1710116906411	1710116906421
USER	Editar Usuário	20	START	1710116907412	1710116907412
REQUEST	20		PUT_Usuario	1710116907413	1710116907418	KO	status.find.is(201), but actually found 400
USER	Editar Usuário	20	END	1710116907412	1710116907419
USER	Editar Usuário	25	START	1710116908412	1710116908412
USER	Editar Usuário	24	START	1710116908411	1710116908411
USER	Editar Usuário	26	START	1710116908412	1710116908412
USER	Editar Usuário	23	START	1710116908411	1710116908411
USER	Editar Usuário	22	START	1710116908411	1710116908411
USER	Editar Usuário	21	START	1710116908411	1710116908411
USER	Editar Usuário	30	START	1710116908416	1710116908416
USER	Editar Usuário	28	START	1710116908416	1710116908416
USER	Editar Usuário	27	START	1710116908415	1710116908415
USER	Editar Usuário	29	START	1710116908416	1710116908416
REQUEST	24		PUT_Usuario	1710116908412	1710116908427	OK	 
REQUEST	25		PUT_Usuario	1710116908412	1710116908428	OK	 
USER	Editar Usuário	24	END	1710116908411	1710116908429
USER	Editar Usuário	25	END	1710116908412	1710116908429
REQUEST	26		PUT_Usuario	1710116908415	1710116908431	OK	 
USER	Editar Usuário	26	END	1710116908412	1710116908431
REQUEST	22		PUT_Usuario	1710116908412	1710116908432	OK	 
USER	Editar Usuário	22	END	1710116908411	1710116908435
REQUEST	27		PUT_Usuario	1710116908417	1710116908435	OK	 
USER	Editar Usuário	27	END	1710116908415	1710116908437
REQUEST	30		PUT_Usuario	1710116908417	1710116908439	OK	 
USER	Editar Usuário	30	END	1710116908416	1710116908442
REQUEST	28		PUT_Usuario	1710116908417	1710116908442	OK	 
USER	Editar Usuário	28	END	1710116908416	1710116908444
REQUEST	23		PUT_Usuario	1710116908412	1710116908445	OK	 
USER	Editar Usuário	23	END	1710116908411	1710116908446
REQUEST	29		PUT_Usuario	1710116908417	1710116908446	OK	 
REQUEST	21		PUT_Usuario	1710116908412	1710116908448	OK	 
USER	Editar Usuário	29	END	1710116908416	1710116908448
USER	Editar Usuário	21	END	1710116908411	1710116908449
