RUN	AdvancedSimulation	advancedsimulation	1710034889873	 	3.2.1
USER	Buscar carrinhos	21	START	1710034890882	1710034890882
USER	Buscar usuários	1	START	1710034890876	1710034890876
USER	Buscar produtos	14	START	1710034890881	1710034890881
REQUEST	14		GET_produtos	1710034890897	1710034890915	OK	 
REQUEST	21		GET_carrinhos	1710034890897	1710034890915	OK	 
REQUEST	1		GET_usuarios	1710034890897	1710034890915	OK	 
USER	Buscar usuários	2	START	1710034891052	1710034891052
REQUEST	2		GET_usuarios	1710034891052	1710034891057	OK	 
USER	Buscar produtos	15	START	1710034891212	1710034891212
REQUEST	15		GET_produtos	1710034891214	1710034891220	OK	 
USER	Buscar usuários	3	START	1710034891222	1710034891222
REQUEST	3		GET_usuarios	1710034891222	1710034891226	OK	 
USER	Buscar usuários	4	START	1710034891392	1710034891392
REQUEST	4		GET_usuarios	1710034891394	1710034891400	OK	 
USER	Buscar produtos	16	START	1710034891552	1710034891552
USER	Buscar usuários	5	START	1710034891552	1710034891552
REQUEST	5		GET_usuarios	1710034891553	1710034891560	OK	 
REQUEST	16		GET_produtos	1710034891553	1710034891561	OK	 
USER	Buscar usuários	6	START	1710034891722	1710034891722
REQUEST	6		GET_usuarios	1710034891723	1710034891730	OK	 
USER	Buscar produtos	17	START	1710034891881	1710034891881
REQUEST	17		GET_produtos	1710034891882	1710034891886	OK	 
USER	Buscar usuários	7	START	1710034891892	1710034891892
USER	Buscar carrinhos	22	START	1710034891892	1710034891892
REQUEST	7		GET_usuarios	1710034891892	1710034891897	OK	 
REQUEST	22		GET_carrinhos	1710034891892	1710034891898	OK	 
USER	Buscar usuários	8	START	1710034892052	1710034892052
REQUEST	8		GET_usuarios	1710034892053	1710034892061	OK	 
USER	Buscar produtos	18	START	1710034892212	1710034892212
REQUEST	18		GET_produtos	1710034892214	1710034892221	OK	 
USER	Buscar usuários	9	START	1710034892222	1710034892222
REQUEST	9		GET_usuarios	1710034892222	1710034892225	OK	 
USER	Buscar usuários	10	START	1710034892392	1710034892392
REQUEST	10		GET_usuarios	1710034892394	1710034892433	OK	 
USER	Buscar usuários	11	START	1710034892553	1710034892553
USER	Buscar produtos	19	START	1710034892553	1710034892553
REQUEST	19		GET_produtos	1710034892554	1710034892562	OK	 
REQUEST	11		GET_usuarios	1710034892554	1710034892563	OK	 
USER	Buscar usuários	12	START	1710034892723	1710034892723
REQUEST	12		GET_usuarios	1710034892724	1710034892729	OK	 
USER	Buscar produtos	20	START	1710034892882	1710034892882
REQUEST	20		GET_produtos	1710034892883	1710034892889	OK	 
USER	Buscar carrinhos	23	START	1710034892892	1710034892892
USER	Buscar usuários	13	START	1710034892892	1710034892892
REQUEST	13		GET_usuarios	1710034892892	1710034892896	OK	 
REQUEST	23		GET_carrinhos	1710034892892	1710034892896	OK	 
USER	Buscar usuários	1	END	1710034890876	1710034892944
USER	Buscar usuários	24	START	1710034893051	1710034893051
REQUEST	24		GET_usuarios	1710034893052	1710034893055	OK	 
USER	Buscar usuários	2	END	1710034891052	1710034893072
USER	Buscar usuários	25	START	1710034893222	1710034893222
USER	Buscar produtos	30	START	1710034893222	1710034893222
REQUEST	25		GET_usuarios	1710034893223	1710034893228	OK	 
REQUEST	30		GET_produtos	1710034893223	1710034893228	OK	 
USER	Buscar usuários	3	END	1710034891222	1710034893242
USER	Buscar usuários	26	START	1710034893392	1710034893392
REQUEST	26		GET_usuarios	1710034893394	1710034893399	OK	 
USER	Buscar usuários	4	END	1710034891392	1710034893412
USER	Buscar usuários	27	START	1710034893552	1710034893552
USER	Buscar produtos	31	START	1710034893552	1710034893552
REQUEST	27		GET_usuarios	1710034893552	1710034893555	OK	 
REQUEST	31		GET_produtos	1710034893552	1710034893556	OK	 
USER	Buscar usuários	5	END	1710034891552	1710034893572
USER	Buscar usuários	28	START	1710034893722	1710034893722
REQUEST	28		GET_usuarios	1710034893723	1710034893727	OK	 
USER	Buscar usuários	6	END	1710034891722	1710034893742
USER	Buscar produtos	32	START	1710034893893	1710034893893
USER	Buscar carrinhos	33	START	1710034893893	1710034893893
USER	Buscar usuários	29	START	1710034893892	1710034893892
REQUEST	29		GET_usuarios	1710034893894	1710034893898	OK	 
REQUEST	33		GET_carrinhos	1710034893893	1710034893898	OK	 
REQUEST	32		GET_produtos	1710034893893	1710034893897	OK	 
USER	Buscar usuários	7	END	1710034891892	1710034893912
USER	Buscar produtos	14	END	1710034890881	1710034893943
USER	Buscar usuários	34	START	1710034894052	1710034894052
REQUEST	34		GET_usuarios	1710034894053	1710034894058	OK	 
USER	Buscar usuários	8	END	1710034892052	1710034894081
USER	Buscar usuários	35	START	1710034894222	1710034894222
USER	Buscar produtos	40	START	1710034894222	1710034894222
REQUEST	35		GET_usuarios	1710034894223	1710034894228	OK	 
REQUEST	40		GET_produtos	1710034894223	1710034894228	OK	 
USER	Buscar produtos	15	END	1710034891212	1710034894232
USER	Buscar usuários	9	END	1710034892222	1710034894242
USER	Buscar usuários	36	START	1710034894392	1710034894392
REQUEST	36		GET_usuarios	1710034894394	1710034894399	OK	 
USER	Buscar usuários	10	END	1710034892392	1710034894452
USER	Buscar usuários	37	START	1710034894552	1710034894552
USER	Buscar produtos	41	START	1710034894552	1710034894552
REQUEST	37		GET_usuarios	1710034894553	1710034894560	OK	 
REQUEST	41		GET_produtos	1710034894554	1710034894561	OK	 
USER	Buscar produtos	16	END	1710034891552	1710034894572
USER	Buscar usuários	11	END	1710034892553	1710034894582
USER	Buscar usuários	38	START	1710034894723	1710034894723
REQUEST	38		GET_usuarios	1710034894724	1710034894729	OK	 
USER	Buscar usuários	12	END	1710034892723	1710034894743
USER	Buscar carrinhos	43	START	1710034894893	1710034894893
USER	Buscar usuários	39	START	1710034894893	1710034894893
USER	Buscar produtos	42	START	1710034894893	1710034894893
REQUEST	39		GET_usuarios	1710034894894	1710034894901	OK	 
REQUEST	42		GET_produtos	1710034894894	1710034894901	OK	 
REQUEST	43		GET_carrinhos	1710034894894	1710034894902	OK	 
USER	Buscar produtos	17	END	1710034891881	1710034894902
USER	Buscar usuários	13	END	1710034892892	1710034894912
USER	Buscar carrinhos	21	END	1710034890882	1710034894943
USER	Buscar usuários	44	START	1710034895052	1710034895052
REQUEST	44		GET_usuarios	1710034895053	1710034895056	OK	 
USER	Buscar usuários	24	END	1710034893051	1710034895071
USER	Buscar usuários	45	START	1710034895222	1710034895222
USER	Buscar produtos	50	START	1710034895222	1710034895222
REQUEST	50		GET_produtos	1710034895224	1710034895227	OK	 
REQUEST	45		GET_usuarios	1710034895223	1710034895228	OK	 
USER	Buscar produtos	18	END	1710034892212	1710034895232
USER	Buscar usuários	25	END	1710034893222	1710034895242
USER	Buscar usuários	46	START	1710034895392	1710034895392
REQUEST	46		GET_usuarios	1710034895393	1710034895397	OK	 
USER	Buscar usuários	26	END	1710034893392	1710034895412
USER	Buscar usuários	47	START	1710034895553	1710034895553
USER	Buscar produtos	51	START	1710034895553	1710034895553
REQUEST	47		GET_usuarios	1710034895554	1710034895559	OK	 
REQUEST	51		GET_produtos	1710034895554	1710034895560	OK	 
USER	Buscar usuários	27	END	1710034893552	1710034895573
USER	Buscar produtos	19	END	1710034892553	1710034895582
USER	Buscar usuários	48	START	1710034895722	1710034895722
REQUEST	48		GET_usuarios	1710034895723	1710034895728	OK	 
USER	Buscar usuários	28	END	1710034893722	1710034895742
USER	Buscar usuários	49	START	1710034895892	1710034895892
USER	Buscar carrinhos	53	START	1710034895892	1710034895892
USER	Buscar produtos	52	START	1710034895892	1710034895892
REQUEST	53		GET_carrinhos	1710034895892	1710034895895	OK	 
REQUEST	49		GET_usuarios	1710034895892	1710034895895	OK	 
REQUEST	52		GET_produtos	1710034895892	1710034895896	OK	 
USER	Buscar produtos	20	END	1710034892882	1710034895902
USER	Buscar carrinhos	22	END	1710034891892	1710034895911
USER	Buscar usuários	29	END	1710034893892	1710034895911
USER	Buscar usuários	54	START	1710034896052	1710034896052
REQUEST	54		GET_usuarios	1710034896053	1710034896059	OK	 
USER	Buscar usuários	34	END	1710034894052	1710034896072
USER	Buscar produtos	60	START	1710034896222	1710034896222
USER	Buscar usuários	55	START	1710034896223	1710034896223
REQUEST	60		GET_produtos	1710034896224	1710034896230	OK	 
REQUEST	55		GET_usuarios	1710034896224	1710034896230	OK	 
USER	Buscar usuários	35	END	1710034894222	1710034896242
USER	Buscar produtos	30	END	1710034893222	1710034896242
USER	Buscar usuários	56	START	1710034896392	1710034896392
REQUEST	56		GET_usuarios	1710034896394	1710034896399	OK	 
USER	Buscar usuários	36	END	1710034894392	1710034896413
USER	Buscar usuários	57	START	1710034896552	1710034896552
USER	Buscar produtos	61	START	1710034896552	1710034896552
REQUEST	57		GET_usuarios	1710034896553	1710034896558	OK	 
REQUEST	61		GET_produtos	1710034896553	1710034896559	OK	 
USER	Buscar produtos	31	END	1710034893552	1710034896572
USER	Buscar usuários	37	END	1710034894552	1710034896572
USER	Buscar usuários	58	START	1710034896721	1710034896721
REQUEST	58		GET_usuarios	1710034896722	1710034896727	OK	 
USER	Buscar usuários	38	END	1710034894723	1710034896742
USER	Buscar produtos	62	START	1710034896892	1710034896892
USER	Buscar carrinhos	63	START	1710034896893	1710034896893
USER	Buscar usuários	59	START	1710034896892	1710034896892
REQUEST	59		GET_usuarios	1710034896894	1710034896899	OK	 
REQUEST	62		GET_produtos	1710034896894	1710034896899	OK	 
REQUEST	63		GET_carrinhos	1710034896894	1710034896900	OK	 
USER	Buscar usuários	39	END	1710034894893	1710034896912
USER	Buscar carrinhos	23	END	1710034892892	1710034896912
USER	Buscar produtos	32	END	1710034893893	1710034896912
USER	Buscar usuários	64	START	1710034897052	1710034897052
REQUEST	64		GET_usuarios	1710034897054	1710034897059	OK	 
USER	Buscar usuários	44	END	1710034895052	1710034897072
USER	Buscar produtos	70	START	1710034897222	1710034897222
USER	Buscar usuários	65	START	1710034897222	1710034897222
REQUEST	70		GET_produtos	1710034897223	1710034897228	OK	 
REQUEST	65		GET_usuarios	1710034897223	1710034897228	OK	 
USER	Buscar produtos	40	END	1710034894222	1710034897242
USER	Buscar usuários	45	END	1710034895222	1710034897243
USER	Buscar usuários	66	START	1710034897392	1710034897392
REQUEST	66		GET_usuarios	1710034897394	1710034897399	OK	 
USER	Buscar usuários	46	END	1710034895392	1710034897413
USER	Buscar usuários	67	START	1710034897552	1710034897552
USER	Buscar produtos	71	START	1710034897552	1710034897552
REQUEST	67		GET_usuarios	1710034897553	1710034897558	OK	 
REQUEST	71		GET_produtos	1710034897553	1710034897558	OK	 
USER	Buscar usuários	47	END	1710034895553	1710034897572
USER	Buscar produtos	41	END	1710034894552	1710034897582
USER	Buscar usuários	68	START	1710034897722	1710034897722
REQUEST	68		GET_usuarios	1710034897723	1710034897728	OK	 
USER	Buscar usuários	48	END	1710034895722	1710034897742
USER	Buscar produtos	72	START	1710034897892	1710034897892
USER	Buscar usuários	69	START	1710034897892	1710034897892
USER	Buscar carrinhos	73	START	1710034897892	1710034897892
REQUEST	73		GET_carrinhos	1710034897893	1710034897899	OK	 
REQUEST	72		GET_produtos	1710034897893	1710034897899	OK	 
REQUEST	69		GET_usuarios	1710034897893	1710034897899	OK	 
USER	Buscar carrinhos	33	END	1710034893893	1710034897912
USER	Buscar usuários	49	END	1710034895892	1710034897912
USER	Buscar produtos	42	END	1710034894893	1710034897912
USER	Buscar usuários	74	START	1710034898053	1710034898053
REQUEST	74		GET_usuarios	1710034898054	1710034898057	OK	 
USER	Buscar usuários	54	END	1710034896052	1710034898072
USER	Buscar usuários	75	START	1710034898222	1710034898222
USER	Buscar produtos	80	START	1710034898222	1710034898222
REQUEST	75		GET_usuarios	1710034898223	1710034898228	OK	 
REQUEST	80		GET_produtos	1710034898223	1710034898228	OK	 
USER	Buscar usuários	55	END	1710034896223	1710034898241
USER	Buscar produtos	50	END	1710034895222	1710034898241
USER	Buscar usuários	76	START	1710034898392	1710034898392
REQUEST	76		GET_usuarios	1710034898394	1710034898399	OK	 
USER	Buscar usuários	56	END	1710034896392	1710034898412
USER	Buscar produtos	81	START	1710034898552	1710034898552
USER	Buscar usuários	77	START	1710034898552	1710034898552
REQUEST	77		GET_usuarios	1710034898553	1710034898559	OK	 
REQUEST	81		GET_produtos	1710034898553	1710034898559	OK	 
USER	Buscar produtos	51	END	1710034895553	1710034898572
USER	Buscar usuários	57	END	1710034896552	1710034898572
USER	Buscar usuários	78	START	1710034898723	1710034898723
REQUEST	78		GET_usuarios	1710034898724	1710034898729	OK	 
USER	Buscar usuários	58	END	1710034896721	1710034898743
USER	Buscar usuários	79	START	1710034898892	1710034898892
USER	Buscar produtos	82	START	1710034898892	1710034898892
USER	Buscar carrinhos	83	START	1710034898892	1710034898892
REQUEST	83		GET_carrinhos	1710034898892	1710034898896	OK	 
REQUEST	82		GET_produtos	1710034898892	1710034898896	OK	 
REQUEST	79		GET_usuarios	1710034898892	1710034898897	OK	 
USER	Buscar produtos	52	END	1710034895892	1710034898912
USER	Buscar usuários	59	END	1710034896892	1710034898912
USER	Buscar carrinhos	43	END	1710034894893	1710034898922
USER	Buscar usuários	84	START	1710034899053	1710034899053
REQUEST	84		GET_usuarios	1710034899054	1710034899060	OK	 
USER	Buscar usuários	64	END	1710034897052	1710034899072
USER	Buscar produtos	90	START	1710034899222	1710034899222
USER	Buscar usuários	85	START	1710034899222	1710034899222
REQUEST	90		GET_produtos	1710034899223	1710034899227	OK	 
REQUEST	85		GET_usuarios	1710034899223	1710034899228	OK	 
USER	Buscar produtos	60	END	1710034896222	1710034899242
USER	Buscar usuários	65	END	1710034897222	1710034899242
USER	Buscar usuários	86	START	1710034899392	1710034899392
REQUEST	86		GET_usuarios	1710034899393	1710034899398	OK	 
USER	Buscar usuários	66	END	1710034897392	1710034899412
USER	Buscar usuários	87	START	1710034899552	1710034899552
USER	Buscar produtos	91	START	1710034899552	1710034899552
REQUEST	91		GET_produtos	1710034899554	1710034899558	OK	 
REQUEST	87		GET_usuarios	1710034899553	1710034899558	OK	 
USER	Buscar usuários	67	END	1710034897552	1710034899572
USER	Buscar produtos	61	END	1710034896552	1710034899572
USER	Buscar usuários	88	START	1710034899722	1710034899722
REQUEST	88		GET_usuarios	1710034899723	1710034899727	OK	 
USER	Buscar usuários	68	END	1710034897722	1710034899742
USER	Buscar usuários	89	START	1710034899892	1710034899892
USER	Buscar produtos	92	START	1710034899892	1710034899892
USER	Buscar carrinhos	93	START	1710034899892	1710034899892
REQUEST	93		GET_carrinhos	1710034899893	1710034899897	OK	 
REQUEST	92		GET_produtos	1710034899893	1710034899897	OK	 
REQUEST	89		GET_usuarios	1710034899893	1710034899897	OK	 
USER	Buscar carrinhos	53	END	1710034895892	1710034899912
USER	Buscar produtos	62	END	1710034896892	1710034899912
USER	Buscar usuários	69	END	1710034897892	1710034899912
USER	Buscar usuários	94	START	1710034900052	1710034900052
REQUEST	94		GET_usuarios	1710034900053	1710034900060	OK	 
USER	Buscar usuários	74	END	1710034898053	1710034900072
USER	Buscar produtos	99	START	1710034900223	1710034900223
USER	Buscar usuários	95	START	1710034900223	1710034900223
REQUEST	99		GET_produtos	1710034900224	1710034900232	OK	 
REQUEST	95		GET_usuarios	1710034900224	1710034900233	OK	 
USER	Buscar produtos	70	END	1710034897222	1710034900242
USER	Buscar usuários	75	END	1710034898222	1710034900242
USER	Buscar usuários	96	START	1710034900392	1710034900392
REQUEST	96		GET_usuarios	1710034900392	1710034900397	OK	 
USER	Buscar usuários	76	END	1710034898392	1710034900412
USER	Buscar usuários	97	START	1710034900552	1710034900552
USER	Buscar produtos	100	START	1710034900552	1710034900552
REQUEST	100		GET_produtos	1710034900553	1710034900559	OK	 
REQUEST	97		GET_usuarios	1710034900553	1710034900560	OK	 
USER	Buscar produtos	71	END	1710034897552	1710034900572
USER	Buscar usuários	77	END	1710034898552	1710034900572
USER	Buscar usuários	98	START	1710034900722	1710034900722
REQUEST	98		GET_usuarios	1710034900723	1710034900728	OK	 
USER	Buscar usuários	78	END	1710034898723	1710034900743
USER	Buscar carrinhos	63	END	1710034896893	1710034900912
USER	Buscar produtos	72	END	1710034897892	1710034900912
USER	Buscar usuários	79	END	1710034898892	1710034900912
USER	Buscar usuários	84	END	1710034899053	1710034901073
USER	Buscar produtos	80	END	1710034898222	1710034901242
USER	Buscar usuários	85	END	1710034899222	1710034901242
USER	Buscar usuários	86	END	1710034899392	1710034901412
USER	Buscar produtos	81	END	1710034898552	1710034901572
USER	Buscar usuários	87	END	1710034899552	1710034901572
USER	Buscar usuários	88	END	1710034899722	1710034901742
USER	Buscar carrinhos	73	END	1710034897892	1710034901913
USER	Buscar usuários	89	END	1710034899892	1710034901913
USER	Buscar produtos	82	END	1710034898892	1710034901913
USER	Buscar usuários	94	END	1710034900052	1710034902073
USER	Buscar produtos	90	END	1710034899222	1710034902242
USER	Buscar usuários	95	END	1710034900223	1710034902252
USER	Buscar usuários	96	END	1710034900392	1710034902412
USER	Buscar produtos	91	END	1710034899552	1710034902572
USER	Buscar usuários	97	END	1710034900552	1710034902573
USER	Buscar usuários	98	END	1710034900722	1710034902742
USER	Buscar carrinhos	83	END	1710034898892	1710034902913
USER	Buscar produtos	92	END	1710034899892	1710034902913
USER	Buscar produtos	99	END	1710034900223	1710034903253
USER	Buscar produtos	100	END	1710034900552	1710034903573
USER	Buscar carrinhos	93	END	1710034899892	1710034903912
