ASSERTION	AAEDAAEBAwAAAAAAAABZQA==
ASSERTION	AAICAAIBAAAAAAAAABRA
RUN	AdvancedSimulation	advancedsimulation	1710116234347	 	3.2.1
USER	Editar Usuário	1	START	1710116235298	1710116235298
REQUEST	1		PUT_Usuario	1710116235328	1710116235353	KO	status.find.is(201), but actually found 400
USER	Editar Usuário	1	END	1710116235298	1710116235379
USER	Editar Usuário	2	START	1710116236312	1710116236312
REQUEST	2		PUT_Usuario	1710116236313	1710116236323	KO	status.find.is(201), but actually found 400
USER	Editar Usuário	2	END	1710116236312	1710116236324
USER	Editar Usuário	3	START	1710116237312	1710116237312
REQUEST	3		PUT_Usuario	1710116237314	1710116237321	KO	status.find.is(201), but actually found 400
USER	Editar Usuário	3	END	1710116237312	1710116237322
USER	Editar Usuário	4	START	1710116238312	1710116238312
REQUEST	4		PUT_Usuario	1710116238314	1710116238318	KO	status.find.is(201), but actually found 400
USER	Editar Usuário	4	END	1710116238312	1710116238319
USER	Editar Usuário	5	START	1710116239313	1710116239313
REQUEST	5		PUT_Usuario	1710116239318	1710116239323	KO	status.find.is(201), but actually found 400
USER	Editar Usuário	5	END	1710116239313	1710116239324
USER	Editar Usuário	6	START	1710116240312	1710116240312
REQUEST	6		PUT_Usuario	1710116240313	1710116240319	KO	status.find.is(201), but actually found 400
USER	Editar Usuário	6	END	1710116240312	1710116240321
USER	Editar Usuário	7	START	1710116241312	1710116241312
REQUEST	7		PUT_Usuario	1710116241313	1710116241317	KO	status.find.is(201), but actually found 400
USER	Editar Usuário	7	END	1710116241312	1710116241318
USER	Editar Usuário	8	START	1710116242312	1710116242312
REQUEST	8		PUT_Usuario	1710116242314	1710116242319	KO	status.find.is(201), but actually found 400
USER	Editar Usuário	8	END	1710116242312	1710116242321
USER	Editar Usuário	9	START	1710116243312	1710116243312
REQUEST	9		PUT_Usuario	1710116243313	1710116243320	KO	status.find.is(201), but actually found 400
USER	Editar Usuário	9	END	1710116243312	1710116243321
USER	Editar Usuário	10	START	1710116244312	1710116244312
REQUEST	10		PUT_Usuario	1710116244314	1710116244323	KO	status.find.is(201), but actually found 400
USER	Editar Usuário	10	END	1710116244312	1710116244324
USER	Editar Usuário	11	START	1710116245312	1710116245312
REQUEST	11		PUT_Usuario	1710116245312	1710116245317	KO	status.find.is(201), but actually found 400
USER	Editar Usuário	11	END	1710116245312	1710116245322
USER	Editar Usuário	12	START	1710116246312	1710116246312
REQUEST	12		PUT_Usuario	1710116246313	1710116246321	KO	status.find.is(201), but actually found 400
USER	Editar Usuário	12	END	1710116246312	1710116246323
USER	Editar Usuário	13	START	1710116247312	1710116247312
REQUEST	13		PUT_Usuario	1710116247313	1710116247322	KO	status.find.is(201), but actually found 400
USER	Editar Usuário	13	END	1710116247312	1710116247323
USER	Editar Usuário	14	START	1710116248312	1710116248312
REQUEST	14		PUT_Usuario	1710116248313	1710116248318	KO	status.find.is(201), but actually found 400
USER	Editar Usuário	14	END	1710116248312	1710116248319
USER	Editar Usuário	15	START	1710116249312	1710116249312
REQUEST	15		PUT_Usuario	1710116249314	1710116249320	KO	status.find.is(201), but actually found 400
USER	Editar Usuário	15	END	1710116249312	1710116249321
USER	Editar Usuário	16	START	1710116250311	1710116250311
REQUEST	16		PUT_Usuario	1710116250312	1710116250317	KO	status.find.is(201), but actually found 400
USER	Editar Usuário	16	END	1710116250311	1710116250319
USER	Editar Usuário	17	START	1710116251312	1710116251312
REQUEST	17		PUT_Usuario	1710116251314	1710116251319	KO	status.find.is(201), but actually found 400
USER	Editar Usuário	17	END	1710116251312	1710116251320
USER	Editar Usuário	18	START	1710116252313	1710116252313
REQUEST	18		PUT_Usuario	1710116252314	1710116252320	KO	status.find.is(201), but actually found 400
USER	Editar Usuário	18	END	1710116252313	1710116252321
USER	Editar Usuário	19	START	1710116253312	1710116253312
REQUEST	19		PUT_Usuario	1710116253313	1710116253318	KO	status.find.is(201), but actually found 400
USER	Editar Usuário	19	END	1710116253312	1710116253319
USER	Editar Usuário	20	START	1710116254312	1710116254312
REQUEST	20		PUT_Usuario	1710116254313	1710116254319	KO	status.find.is(201), but actually found 400
USER	Editar Usuário	20	END	1710116254312	1710116254320
USER	Editar Usuário	25	START	1710116255311	1710116255311
USER	Editar Usuário	21	START	1710116255311	1710116255311
USER	Editar Usuário	26	START	1710116255312	1710116255312
USER	Editar Usuário	23	START	1710116255311	1710116255311
USER	Editar Usuário	28	START	1710116255312	1710116255312
USER	Editar Usuário	22	START	1710116255311	1710116255311
USER	Editar Usuário	24	START	1710116255311	1710116255311
USER	Editar Usuário	27	START	1710116255313	1710116255313
USER	Editar Usuário	29	START	1710116255315	1710116255315
USER	Editar Usuário	30	START	1710116255316	1710116255316
REQUEST	24		PUT_Usuario	1710116255312	1710116255318	KO	status.find.is(201), but actually found 400
USER	Editar Usuário	24	END	1710116255311	1710116255320
REQUEST	25		PUT_Usuario	1710116255312	1710116255320	KO	status.find.is(201), but actually found 400
USER	Editar Usuário	25	END	1710116255311	1710116255323
REQUEST	26		PUT_Usuario	1710116255312	1710116255322	KO	status.find.is(201), but actually found 400
USER	Editar Usuário	26	END	1710116255312	1710116255324
REQUEST	28		PUT_Usuario	1710116255313	1710116255325	KO	status.find.is(201), but actually found 400
USER	Editar Usuário	28	END	1710116255312	1710116255327
REQUEST	21		PUT_Usuario	1710116255312	1710116255332	KO	status.find.is(201), but actually found 400
USER	Editar Usuário	21	END	1710116255311	1710116255335
REQUEST	27		PUT_Usuario	1710116255313	1710116255335	KO	status.find.is(201), but actually found 400
USER	Editar Usuário	27	END	1710116255313	1710116255337
REQUEST	23		PUT_Usuario	1710116255312	1710116255338	KO	status.find.is(201), but actually found 400
REQUEST	29		PUT_Usuario	1710116255316	1710116255339	KO	status.find.is(201), but actually found 400
USER	Editar Usuário	23	END	1710116255311	1710116255339
USER	Editar Usuário	29	END	1710116255315	1710116255340
REQUEST	30		PUT_Usuario	1710116255316	1710116255340	KO	status.find.is(201), but actually found 400
USER	Editar Usuário	30	END	1710116255316	1710116255342
REQUEST	22		PUT_Usuario	1710116255312	1710116255341	KO	status.find.is(201), but actually found 400
USER	Editar Usuário	22	END	1710116255311	1710116255343
