ASSERTION	AAEDAAEBAwAAAAAAAABZQA==
ASSERTION	AAICAAIBAAAAAAAAABRA
RUN	AdvancedSimulation	advancedsimulation	1710114893525	 	3.2.1
USER	Editar Usuário	1	START	1710114894448	1710114894448
REQUEST	1		PUT_Usuario	1710114894471	1710114894487	KO	status.find.is(200), but actually found 400
USER	Editar Usuário	1	END	1710114894448	1710114894508
USER	Editar Usuário	2	START	1710114895458	1710114895458
REQUEST	2		PUT_Usuario	1710114895459	1710114895467	KO	status.find.is(200), but actually found 400
USER	Editar Usuário	2	END	1710114895458	1710114895468
USER	Editar Usuário	3	START	1710114896459	1710114896459
REQUEST	3		PUT_Usuario	1710114896461	1710114896467	KO	status.find.is(200), but actually found 400
USER	Editar Usuário	3	END	1710114896459	1710114896468
USER	Editar Usuário	4	START	1710114897458	1710114897458
REQUEST	4		PUT_Usuario	1710114897460	1710114897465	KO	status.find.is(200), but actually found 400
USER	Editar Usuário	4	END	1710114897458	1710114897467
USER	Editar Usuário	5	START	1710114898458	1710114898458
REQUEST	5		PUT_Usuario	1710114898460	1710114898466	KO	status.find.is(200), but actually found 400
USER	Editar Usuário	5	END	1710114898458	1710114898468
USER	Editar Usuário	6	START	1710114899458	1710114899458
REQUEST	6		PUT_Usuario	1710114899459	1710114899464	KO	status.find.is(200), but actually found 400
USER	Editar Usuário	6	END	1710114899458	1710114899465
USER	Editar Usuário	7	START	1710114900458	1710114900458
REQUEST	7		PUT_Usuario	1710114900460	1710114900465	KO	status.find.is(200), but actually found 400
USER	Editar Usuário	7	END	1710114900458	1710114900467
USER	Editar Usuário	8	START	1710114901459	1710114901459
REQUEST	8		PUT_Usuario	1710114901460	1710114901467	KO	status.find.is(200), but actually found 400
USER	Editar Usuário	8	END	1710114901459	1710114901469
USER	Editar Usuário	9	START	1710114902459	1710114902459
REQUEST	9		PUT_Usuario	1710114902460	1710114902467	KO	status.find.is(200), but actually found 400
USER	Editar Usuário	9	END	1710114902459	1710114902468
USER	Editar Usuário	10	START	1710114903459	1710114903459
REQUEST	10		PUT_Usuario	1710114903461	1710114903471	KO	status.find.is(200), but actually found 400
USER	Editar Usuário	10	END	1710114903459	1710114903472
USER	Editar Usuário	11	START	1710114904458	1710114904458
REQUEST	11		PUT_Usuario	1710114904459	1710114904463	KO	status.find.is(200), but actually found 400
USER	Editar Usuário	11	END	1710114904458	1710114904464
USER	Editar Usuário	12	START	1710114905459	1710114905459
REQUEST	12		PUT_Usuario	1710114905460	1710114905467	KO	status.find.is(200), but actually found 400
USER	Editar Usuário	12	END	1710114905459	1710114905468
USER	Editar Usuário	13	START	1710114906458	1710114906458
REQUEST	13		PUT_Usuario	1710114906460	1710114906465	KO	status.find.is(200), but actually found 400
USER	Editar Usuário	13	END	1710114906458	1710114906467
USER	Editar Usuário	14	START	1710114907458	1710114907458
REQUEST	14		PUT_Usuario	1710114907459	1710114907466	KO	status.find.is(200), but actually found 400
USER	Editar Usuário	14	END	1710114907458	1710114907467
USER	Editar Usuário	15	START	1710114908458	1710114908458
REQUEST	15		PUT_Usuario	1710114908460	1710114908466	KO	status.find.is(200), but actually found 400
USER	Editar Usuário	15	END	1710114908458	1710114908467
USER	Editar Usuário	16	START	1710114909458	1710114909458
REQUEST	16		PUT_Usuario	1710114909459	1710114909464	KO	status.find.is(200), but actually found 400
USER	Editar Usuário	16	END	1710114909458	1710114909465
USER	Editar Usuário	17	START	1710114910458	1710114910458
REQUEST	17		PUT_Usuario	1710114910459	1710114910464	KO	status.find.is(200), but actually found 400
USER	Editar Usuário	17	END	1710114910458	1710114910465
USER	Editar Usuário	18	START	1710114911458	1710114911458
REQUEST	18		PUT_Usuario	1710114911460	1710114911466	KO	status.find.is(200), but actually found 400
USER	Editar Usuário	18	END	1710114911458	1710114911468
USER	Editar Usuário	19	START	1710114912458	1710114912458
REQUEST	19		PUT_Usuario	1710114912460	1710114912465	KO	status.find.is(200), but actually found 400
USER	Editar Usuário	19	END	1710114912458	1710114912466
USER	Editar Usuário	20	START	1710114913459	1710114913459
REQUEST	20		PUT_Usuario	1710114913461	1710114913467	KO	status.find.is(200), but actually found 400
USER	Editar Usuário	20	END	1710114913459	1710114913468
USER	Editar Usuário	24	START	1710114914459	1710114914459
USER	Editar Usuário	23	START	1710114914459	1710114914459
USER	Editar Usuário	21	START	1710114914459	1710114914459
USER	Editar Usuário	26	START	1710114914460	1710114914460
USER	Editar Usuário	30	START	1710114914460	1710114914460
USER	Editar Usuário	25	START	1710114914459	1710114914459
USER	Editar Usuário	22	START	1710114914459	1710114914459
USER	Editar Usuário	28	START	1710114914461	1710114914461
USER	Editar Usuário	27	START	1710114914461	1710114914461
USER	Editar Usuário	29	START	1710114914461	1710114914461
REQUEST	30		PUT_Usuario	1710114914460	1710114914464	KO	status.find.is(200), but actually found 400
REQUEST	25		PUT_Usuario	1710114914460	1710114914465	KO	status.find.is(200), but actually found 400
REQUEST	24		PUT_Usuario	1710114914459	1710114914467	KO	status.find.is(200), but actually found 400
USER	Editar Usuário	30	END	1710114914460	1710114914469
REQUEST	22		PUT_Usuario	1710114914459	1710114914469	KO	status.find.is(200), but actually found 400
USER	Editar Usuário	24	END	1710114914459	1710114914472
REQUEST	26		PUT_Usuario	1710114914460	1710114914469	KO	status.find.is(200), but actually found 400
USER	Editar Usuário	25	END	1710114914459	1710114914472
USER	Editar Usuário	22	END	1710114914459	1710114914472
USER	Editar Usuário	26	END	1710114914460	1710114914473
REQUEST	28		PUT_Usuario	1710114914461	1710114914474	KO	status.find.is(200), but actually found 400
REQUEST	27		PUT_Usuario	1710114914462	1710114914476	KO	status.find.is(200), but actually found 400
REQUEST	23		PUT_Usuario	1710114914459	1710114914476	KO	status.find.is(200), but actually found 400
REQUEST	29		PUT_Usuario	1710114914462	1710114914476	KO	status.find.is(200), but actually found 400
USER	Editar Usuário	28	END	1710114914461	1710114914477
USER	Editar Usuário	23	END	1710114914459	1710114914478
USER	Editar Usuário	27	END	1710114914461	1710114914478
REQUEST	21		PUT_Usuario	1710114914459	1710114914476	KO	status.find.is(200), but actually found 400
USER	Editar Usuário	29	END	1710114914461	1710114914478
USER	Editar Usuário	21	END	1710114914459	1710114914478
