ASSERTION	AAEDAAEBAwAAAAAAAABZQA==
ASSERTION	AAICAAIBAAAAAAAAABRA
RUN	AdvancedSimulation	advancedsimulation	1710037188708	 	3.2.1
USER	Buscar carrinhos	18	START	1710037189680	1710037189680
USER	Buscar produtos	12	START	1710037189678	1710037189678
USER	Buscar usuários	1	START	1710037189673	1710037189673
REQUEST	12		GET_produtos	1710037189692	1710037189709	OK	 
REQUEST	1		GET_usuarios	1710037189692	1710037189709	OK	 
REQUEST	18		GET_carrinhos	1710037189692	1710037189709	OK	 
USER	Buscar usuários	2	START	1710037189887	1710037189887
REQUEST	2		GET_usuarios	1710037189889	1710037189894	OK	 
USER	Buscar produtos	13	START	1710037190017	1710037190017
REQUEST	13		GET_produtos	1710037190019	1710037190026	OK	 
USER	Buscar usuários	3	START	1710037190087	1710037190087
REQUEST	3		GET_usuarios	1710037190089	1710037190095	OK	 
USER	Buscar usuários	4	START	1710037190287	1710037190287
REQUEST	4		GET_usuarios	1710037190289	1710037190296	OK	 
USER	Buscar produtos	14	START	1710037190357	1710037190357
REQUEST	14		GET_produtos	1710037190359	1710037190401	OK	 
USER	Buscar usuários	5	START	1710037190487	1710037190487
REQUEST	5		GET_usuarios	1710037190488	1710037190495	OK	 
USER	Buscar usuários	6	START	1710037190688	1710037190688
USER	Buscar produtos	15	START	1710037190688	1710037190688
USER	Buscar carrinhos	19	START	1710037190688	1710037190688
REQUEST	15		GET_produtos	1710037190690	1710037190698	OK	 
REQUEST	19		GET_carrinhos	1710037190689	1710037190700	OK	 
REQUEST	6		GET_usuarios	1710037190689	1710037190700	OK	 
USER	Buscar usuários	7	START	1710037190887	1710037190887
REQUEST	7		GET_usuarios	1710037190888	1710037190896	OK	 
USER	Buscar usuários	8	START	1710037191097	1710037191097
REQUEST	8		GET_usuarios	1710037191099	1710037191106	OK	 
USER	Buscar produtos	16	START	1710037191187	1710037191187
REQUEST	16		GET_produtos	1710037191188	1710037191196	OK	 
USER	Buscar usuários	9	START	1710037191297	1710037191297
REQUEST	9		GET_usuarios	1710037191298	1710037191305	OK	 
USER	Buscar usuários	10	START	1710037191497	1710037191497
REQUEST	10		GET_usuarios	1710037191499	1710037191505	OK	 
USER	Buscar carrinhos	20	START	1710037191688	1710037191688
USER	Buscar produtos	17	START	1710037191688	1710037191688
REQUEST	20		GET_carrinhos	1710037191690	1710037191698	OK	 
REQUEST	17		GET_produtos	1710037191690	1710037191698	OK	 
USER	Buscar usuários	11	START	1710037191697	1710037191697
REQUEST	11		GET_usuarios	1710037191699	1710037191702	OK	 
USER	Buscar usuários	21	START	1710037191887	1710037191887
REQUEST	21		GET_usuarios	1710037191888	1710037191894	OK	 
USER	Buscar produtos	26	START	1710037192017	1710037192017
REQUEST	26		GET_produtos	1710037192018	1710037192023	OK	 
USER	Buscar usuários	2	END	1710037189887	1710037192082
USER	Buscar usuários	22	START	1710037192087	1710037192087
REQUEST	22		GET_usuarios	1710037192088	1710037192092	OK	 
USER	Buscar usuários	23	START	1710037192287	1710037192287
REQUEST	23		GET_usuarios	1710037192288	1710037192295	OK	 
USER	Buscar produtos	27	START	1710037192347	1710037192347
REQUEST	27		GET_produtos	1710037192349	1710037192355	OK	 
USER	Buscar usuários	24	START	1710037192487	1710037192487
REQUEST	24		GET_usuarios	1710037192488	1710037192493	OK	 
USER	Buscar produtos	28	START	1710037192687	1710037192687
USER	Buscar carrinhos	29	START	1710037192687	1710037192687
USER	Buscar usuários	25	START	1710037192687	1710037192687
REQUEST	25		GET_usuarios	1710037192689	1710037192694	OK	 
REQUEST	29		GET_carrinhos	1710037192689	1710037192694	OK	 
REQUEST	28		GET_produtos	1710037192689	1710037192695	OK	 
USER	Buscar usuários	6	END	1710037190688	1710037192737
USER	Buscar usuários	1	END	1710037189673	1710037192758
USER	Buscar usuários	30	START	1710037192887	1710037192887
REQUEST	30		GET_usuarios	1710037192887	1710037192891	OK	 
USER	Buscar produtos	12	END	1710037189678	1710037193048
USER	Buscar usuários	31	START	1710037193087	1710037193087
REQUEST	31		GET_usuarios	1710037193089	1710037193095	OK	 
USER	Buscar produtos	35	START	1710037193187	1710037193187
REQUEST	35		GET_produtos	1710037193188	1710037193195	OK	 
USER	Buscar usuários	32	START	1710037193286	1710037193286
REQUEST	32		GET_usuarios	1710037193287	1710037193291	OK	 
USER	Buscar produtos	13	END	1710037190017	1710037193477
USER	Buscar usuários	33	START	1710037193486	1710037193486
REQUEST	33		GET_usuarios	1710037193487	1710037193489	OK	 
USER	Buscar usuários	8	END	1710037191097	1710037193557
USER	Buscar usuários	4	END	1710037190287	1710037193657
USER	Buscar produtos	36	START	1710037193687	1710037193687
USER	Buscar usuários	34	START	1710037193687	1710037193687
USER	Buscar carrinhos	37	START	1710037193687	1710037193687
REQUEST	34		GET_usuarios	1710037193688	1710037193691	OK	 
REQUEST	37		GET_carrinhos	1710037193688	1710037193691	OK	 
REQUEST	36		GET_produtos	1710037193688	1710037193693	OK	 
USER	Buscar usuários	38	START	1710037193887	1710037193887
REQUEST	38		GET_usuarios	1710037193888	1710037193890	OK	 
USER	Buscar produtos	43	START	1710037194017	1710037194017
REQUEST	43		GET_produtos	1710037194018	1710037194020	OK	 
USER	Buscar usuários	39	START	1710037194087	1710037194087
REQUEST	39		GET_usuarios	1710037194087	1710037194090	OK	 
USER	Buscar usuários	9	END	1710037191297	1710037194127
USER	Buscar usuários	10	END	1710037191497	1710037194277
USER	Buscar usuários	40	START	1710037194287	1710037194287
REQUEST	40		GET_usuarios	1710037194288	1710037194291	OK	 
USER	Buscar produtos	44	START	1710037194357	1710037194357
REQUEST	44		GET_produtos	1710037194357	1710037194360	OK	 
USER	Buscar usuários	7	END	1710037190887	1710037194417
USER	Buscar usuários	21	END	1710037191887	1710037194448
USER	Buscar usuários	41	START	1710037194488	1710037194488
REQUEST	41		GET_usuarios	1710037194489	1710037194494	OK	 
USER	Buscar usuários	11	END	1710037191697	1710037194517
USER	Buscar produtos	45	START	1710037194687	1710037194687
USER	Buscar usuários	42	START	1710037194687	1710037194687
USER	Buscar carrinhos	46	START	1710037194687	1710037194687
REQUEST	46		GET_carrinhos	1710037194688	1710037194691	OK	 
REQUEST	45		GET_produtos	1710037194688	1710037194691	OK	 
REQUEST	42		GET_usuarios	1710037194688	1710037194692	OK	 
USER	Buscar usuários	22	END	1710037192087	1710037194717
USER	Buscar usuários	47	START	1710037194887	1710037194887
REQUEST	47		GET_usuarios	1710037194888	1710037194891	OK	 
USER	Buscar usuários	3	END	1710037190087	1710037194977
USER	Buscar usuários	48	START	1710037195087	1710037195087
REQUEST	48		GET_usuarios	1710037195087	1710037195091	OK	 
USER	Buscar produtos	52	START	1710037195186	1710037195186
REQUEST	52		GET_produtos	1710037195187	1710037195190	OK	 
USER	Buscar usuários	24	END	1710037192487	1710037195197
USER	Buscar carrinhos	18	END	1710037189680	1710037195287
USER	Buscar usuários	49	START	1710037195287	1710037195287
REQUEST	49		GET_usuarios	1710037195288	1710037195291	OK	 
USER	Buscar usuários	5	END	1710037190487	1710037195447
USER	Buscar usuários	50	START	1710037195488	1710037195488
REQUEST	50		GET_usuarios	1710037195489	1710037195494	OK	 
USER	Buscar produtos	17	END	1710037191688	1710037195538
USER	Buscar produtos	15	END	1710037190688	1710037195558
USER	Buscar usuários	30	END	1710037192887	1710037195667
USER	Buscar produtos	53	START	1710037195687	1710037195687
USER	Buscar usuários	51	START	1710037195687	1710037195687
USER	Buscar carrinhos	54	START	1710037195687	1710037195687
REQUEST	54		GET_carrinhos	1710037195689	1710037195694	OK	 
REQUEST	51		GET_usuarios	1710037195689	1710037195694	OK	 
REQUEST	53		GET_produtos	1710037195688	1710037195696	OK	 
USER	Buscar produtos	14	END	1710037190357	1710037195728
USER	Buscar usuários	55	START	1710037195887	1710037195887
REQUEST	55		GET_usuarios	1710037195887	1710037195892	OK	 
USER	Buscar produtos	16	END	1710037191187	1710037195987
USER	Buscar produtos	60	START	1710037196017	1710037196017
REQUEST	60		GET_produtos	1710037196019	1710037196024	OK	 
USER	Buscar produtos	27	END	1710037192347	1710037196087
USER	Buscar usuários	56	START	1710037196087	1710037196087
REQUEST	56		GET_usuarios	1710037196088	1710037196092	OK	 
USER	Buscar usuários	23	END	1710037192287	1710037196137
USER	Buscar usuários	32	END	1710037193286	1710037196287
USER	Buscar usuários	57	START	1710037196287	1710037196287
REQUEST	57		GET_usuarios	1710037196287	1710037196290	OK	 
USER	Buscar usuários	25	END	1710037192687	1710037196317
USER	Buscar produtos	61	START	1710037196358	1710037196358
REQUEST	61		GET_produtos	1710037196359	1710037196364	OK	 
USER	Buscar usuários	58	START	1710037196487	1710037196487
REQUEST	58		GET_usuarios	1710037196488	1710037196492	OK	 
USER	Buscar usuários	40	END	1710037194287	1710037196517
USER	Buscar usuários	59	START	1710037196687	1710037196687
USER	Buscar carrinhos	63	START	1710037196687	1710037196687
USER	Buscar produtos	62	START	1710037196687	1710037196687
REQUEST	62		GET_produtos	1710037196687	1710037196690	OK	 
REQUEST	63		GET_carrinhos	1710037196687	1710037196691	OK	 
REQUEST	59		GET_usuarios	1710037196687	1710037196691	OK	 
USER	Buscar carrinhos	19	END	1710037190688	1710037196778
USER	Buscar produtos	36	END	1710037193687	1710037196838
USER	Buscar usuários	64	START	1710037196887	1710037196887
REQUEST	64		GET_usuarios	1710037196888	1710037196892	OK	 
USER	Buscar usuários	65	START	1710037197087	1710037197087
REQUEST	65		GET_usuarios	1710037197089	1710037197095	OK	 
USER	Buscar usuários	31	END	1710037193087	1710037197117
USER	Buscar usuários	33	END	1710037193486	1710037197167
USER	Buscar produtos	69	START	1710037197187	1710037197187
REQUEST	69		GET_produtos	1710037197188	1710037197193	OK	 
USER	Buscar usuários	66	START	1710037197286	1710037197286
REQUEST	66		GET_usuarios	1710037197287	1710037197291	OK	 
USER	Buscar usuários	67	START	1710037197488	1710037197488
REQUEST	67		GET_usuarios	1710037197489	1710037197494	OK	 
USER	Buscar usuários	68	START	1710037197688	1710037197688
USER	Buscar carrinhos	71	START	1710037197688	1710037197688
USER	Buscar produtos	70	START	1710037197688	1710037197688
REQUEST	70		GET_produtos	1710037197689	1710037197693	OK	 
REQUEST	68		GET_usuarios	1710037197689	1710037197693	OK	 
REQUEST	71		GET_carrinhos	1710037197689	1710037197695	OK	 
USER	Buscar usuários	42	END	1710037194687	1710037197707
USER	Buscar usuários	39	END	1710037194087	1710037197716
USER	Buscar produtos	26	END	1710037192017	1710037197767
USER	Buscar usuários	72	START	1710037197887	1710037197887
REQUEST	72		GET_usuarios	1710037197889	1710037197894	OK	 
USER	Buscar produtos	77	START	1710037198017	1710037198017
REQUEST	77		GET_produtos	1710037198017	1710037198020	OK	 
USER	Buscar usuários	47	END	1710037194887	1710037198047
USER	Buscar usuários	50	END	1710037195488	1710037198067
USER	Buscar usuários	38	END	1710037193887	1710037198088
USER	Buscar usuários	73	START	1710037198087	1710037198087
REQUEST	73		GET_usuarios	1710037198088	1710037198093	OK	 
USER	Buscar usuários	74	START	1710037198287	1710037198287
REQUEST	74		GET_usuarios	1710037198289	1710037198294	OK	 
USER	Buscar produtos	78	START	1710037198357	1710037198357
REQUEST	78		GET_produtos	1710037198358	1710037198363	OK	 
USER	Buscar carrinhos	20	END	1710037191688	1710037198448
USER	Buscar usuários	75	START	1710037198487	1710037198487
REQUEST	75		GET_usuarios	1710037198489	1710037198493	OK	 
USER	Buscar produtos	52	END	1710037195186	1710037198557
USER	Buscar produtos	28	END	1710037192687	1710037198598
USER	Buscar usuários	34	END	1710037193687	1710037198617
USER	Buscar produtos	35	END	1710037193187	1710037198647
USER	Buscar usuários	76	START	1710037198686	1710037198686
USER	Buscar produtos	79	START	1710037198687	1710037198687
USER	Buscar carrinhos	80	START	1710037198687	1710037198687
REQUEST	76		GET_usuarios	1710037198687	1710037198692	OK	 
REQUEST	80		GET_carrinhos	1710037198688	1710037198693	OK	 
REQUEST	79		GET_produtos	1710037198688	1710037198693	OK	 
USER	Buscar usuários	57	END	1710037196287	1710037198697
USER	Buscar produtos	44	END	1710037194357	1710037198757
USER	Buscar usuários	41	END	1710037194488	1710037198778
USER	Buscar usuários	81	START	1710037198888	1710037198888
REQUEST	81		GET_usuarios	1710037198889	1710037198894	OK	 
USER	Buscar produtos	53	END	1710037195687	1710037198928
USER	Buscar carrinhos	29	END	1710037192687	1710037198997
USER	Buscar produtos	45	END	1710037194687	1710037199067
USER	Buscar usuários	82	START	1710037199087	1710037199087
REQUEST	82		GET_usuarios	1710037199088	1710037199095	OK	 
USER	Buscar produtos	86	START	1710037199187	1710037199187
REQUEST	86		GET_produtos	1710037199188	1710037199193	OK	 
USER	Buscar usuários	48	END	1710037195087	1710037199197
USER	Buscar produtos	43	END	1710037194017	1710037199207
USER	Buscar usuários	55	END	1710037195887	1710037199288
USER	Buscar usuários	83	START	1710037199288	1710037199288
REQUEST	83		GET_usuarios	1710037199289	1710037199294	OK	 
USER	Buscar carrinhos	46	END	1710037194687	1710037199387
USER	Buscar usuários	84	START	1710037199487	1710037199487
REQUEST	84		GET_usuarios	1710037199488	1710037199492	OK	 
USER	Buscar usuários	49	END	1710037195287	1710037199597
USER	Buscar produtos	87	START	1710037199687	1710037199687
USER	Buscar carrinhos	88	START	1710037199687	1710037199687
USER	Buscar usuários	85	START	1710037199687	1710037199687
REQUEST	85		GET_usuarios	1710037199688	1710037199690	OK	 
REQUEST	88		GET_carrinhos	1710037199688	1710037199691	OK	 
REQUEST	87		GET_produtos	1710037199687	1710037199691	OK	 
USER	Buscar usuários	65	END	1710037197087	1710037199707
USER	Buscar produtos	61	END	1710037196358	1710037199747
USER	Buscar carrinhos	37	END	1710037193687	1710037199807
USER	Buscar usuários	64	END	1710037196887	1710037199878
USER	Buscar usuários	89	START	1710037199887	1710037199887
REQUEST	89		GET_usuarios	1710037199888	1710037199894	OK	 
USER	Buscar usuários	51	END	1710037195687	1710037199978
USER	Buscar produtos	94	START	1710037200017	1710037200017
REQUEST	94		GET_produtos	1710037200018	1710037200021	OK	 
USER	Buscar usuários	90	START	1710037200087	1710037200087
REQUEST	90		GET_usuarios	1710037200088	1710037200093	OK	 
USER	Buscar usuários	66	END	1710037197286	1710037200228
USER	Buscar usuários	91	START	1710037200287	1710037200287
REQUEST	91		GET_usuarios	1710037200288	1710037200293	OK	 
USER	Buscar produtos	95	START	1710037200357	1710037200357
REQUEST	95		GET_produtos	1710037200358	1710037200363	OK	 
USER	Buscar produtos	62	END	1710037196687	1710037200437
USER	Buscar usuários	92	START	1710037200488	1710037200488
REQUEST	92		GET_usuarios	1710037200490	1710037200498	OK	 
USER	Buscar carrinhos	97	START	1710037200687	1710037200687
USER	Buscar usuários	93	START	1710037200687	1710037200687
USER	Buscar produtos	96	START	1710037200687	1710037200687
REQUEST	97		GET_carrinhos	1710037200688	1710037200693	OK	 
REQUEST	96		GET_produtos	1710037200688	1710037200694	OK	 
REQUEST	93		GET_usuarios	1710037200688	1710037200695	OK	 
USER	Buscar produtos	70	END	1710037197688	1710037200737
USER	Buscar usuários	58	END	1710037196487	1710037200767
USER	Buscar produtos	60	END	1710037196017	1710037200847
USER	Buscar usuários	98	START	1710037200887	1710037200887
REQUEST	98		GET_usuarios	1710037200888	1710037200893	OK	 
USER	Buscar usuários	56	END	1710037196087	1710037200907
USER	Buscar usuários	59	END	1710037196687	1710037200948
USER	Buscar usuários	99	START	1710037201086	1710037201086
REQUEST	99		GET_usuarios	1710037201087	1710037201090	OK	 
USER	Buscar produtos	103	START	1710037201187	1710037201187
REQUEST	103		GET_produtos	1710037201188	1710037201193	OK	 
USER	Buscar usuários	72	END	1710037197887	1710037201238
USER	Buscar usuários	100	START	1710037201287	1710037201287
REQUEST	100		GET_usuarios	1710037201289	1710037201293	OK	 
USER	Buscar carrinhos	54	END	1710037195687	1710037201347
USER	Buscar produtos	69	END	1710037197187	1710037201377
USER	Buscar carrinhos	63	END	1710037196687	1710037201477
USER	Buscar produtos	78	END	1710037198357	1710037201478
USER	Buscar usuários	101	START	1710037201488	1710037201488
REQUEST	101		GET_usuarios	1710037201489	1710037201493	OK	 
USER	Buscar usuários	81	END	1710037198888	1710037201497
USER	Buscar usuários	68	END	1710037197688	1710037201577
USER	Buscar usuários	67	END	1710037197488	1710037201637
USER	Buscar produtos	104	START	1710037201687	1710037201687
USER	Buscar carrinhos	105	START	1710037201688	1710037201688
USER	Buscar usuários	102	START	1710037201687	1710037201687
REQUEST	102		GET_usuarios	1710037201689	1710037201694	OK	 
REQUEST	104		GET_produtos	1710037201688	1710037201695	OK	 
REQUEST	105		GET_carrinhos	1710037201689	1710037201695	OK	 
USER	Buscar usuários	106	START	1710037201887	1710037201887
REQUEST	106		GET_usuarios	1710037201888	1710037201892	OK	 
USER	Buscar usuários	82	END	1710037199087	1710037201947
USER	Buscar produtos	111	START	1710037202017	1710037202017
REQUEST	111		GET_produtos	1710037202018	1710037202021	OK	 
USER	Buscar usuários	107	START	1710037202087	1710037202087
REQUEST	107		GET_usuarios	1710037202087	1710037202090	OK	 
USER	Buscar usuários	75	END	1710037198487	1710037202137
USER	Buscar usuários	76	END	1710037198686	1710037202158
USER	Buscar usuários	85	END	1710037199687	1710037202277
USER	Buscar usuários	108	START	1710037202288	1710037202288
REQUEST	108		GET_usuarios	1710037202289	1710037202293	OK	 
USER	Buscar produtos	112	START	1710037202357	1710037202357
REQUEST	112		GET_produtos	1710037202358	1710037202364	OK	 
USER	Buscar usuários	91	END	1710037200287	1710037202397
USER	Buscar usuários	109	START	1710037202486	1710037202486
REQUEST	109		GET_usuarios	1710037202487	1710037202489	OK	 
USER	Buscar usuários	90	END	1710037200087	1710037202497
USER	Buscar usuários	83	END	1710037199288	1710037202547
USER	Buscar usuários	73	END	1710037198087	1710037202567
USER	Buscar produtos	113	START	1710037202687	1710037202687
USER	Buscar usuários	110	START	1710037202687	1710037202687
USER	Buscar carrinhos	114	START	1710037202687	1710037202687
REQUEST	114		GET_carrinhos	1710037202688	1710037202693	OK	 
REQUEST	113		GET_produtos	1710037202688	1710037202693	OK	 
REQUEST	110		GET_usuarios	1710037202688	1710037202694	OK	 
USER	Buscar usuários	115	START	1710037202887	1710037202887
REQUEST	115		GET_usuarios	1710037202888	1710037202890	OK	 
USER	Buscar usuários	74	END	1710037198287	1710037203046
USER	Buscar carrinhos	71	END	1710037197688	1710037203087
USER	Buscar usuários	116	START	1710037203087	1710037203087
REQUEST	116		GET_usuarios	1710037203088	1710037203091	OK	 
USER	Buscar usuários	84	END	1710037199487	1710037203117
USER	Buscar produtos	120	START	1710037203187	1710037203187
REQUEST	120		GET_produtos	1710037203188	1710037203191	OK	 
USER	Buscar usuários	117	START	1710037203287	1710037203287
REQUEST	117		GET_usuarios	1710037203288	1710037203292	OK	 
USER	Buscar produtos	86	END	1710037199187	1710037203477
USER	Buscar usuários	118	START	1710037203487	1710037203487
REQUEST	118		GET_usuarios	1710037203488	1710037203492	OK	 
USER	Buscar produtos	77	END	1710037198017	1710037203516
USER	Buscar usuários	119	START	1710037203688	1710037203688
USER	Buscar produtos	121	START	1710037203688	1710037203688
USER	Buscar carrinhos	122	START	1710037203688	1710037203688
USER	Buscar usuários	93	END	1710037200687	1710037203688
REQUEST	122		GET_carrinhos	1710037203689	1710037203695	OK	 
REQUEST	121		GET_produtos	1710037203689	1710037203695	OK	 
REQUEST	119		GET_usuarios	1710037203689	1710037203696	OK	 
USER	Buscar usuários	89	END	1710037199887	1710037203707
USER	Buscar produtos	96	END	1710037200687	1710037203768
USER	Buscar carrinhos	88	END	1710037199687	1710037203777
USER	Buscar usuários	99	END	1710037201086	1710037203868
USER	Buscar produtos	87	END	1710037199687	1710037203877
USER	Buscar usuários	123	START	1710037203888	1710037203888
REQUEST	123		GET_usuarios	1710037203889	1710037203895	OK	 
USER	Buscar usuários	98	END	1710037200887	1710037203998
USER	Buscar produtos	128	START	1710037204017	1710037204017
REQUEST	128		GET_produtos	1710037204018	1710037204024	OK	 
USER	Buscar usuários	124	START	1710037204087	1710037204087
REQUEST	124		GET_usuarios	1710037204088	1710037204094	OK	 
USER	Buscar usuários	92	END	1710037200488	1710037204207
USER	Buscar usuários	125	START	1710037204288	1710037204288
REQUEST	125		GET_usuarios	1710037204289	1710037204295	OK	 
USER	Buscar produtos	79	END	1710037198687	1710037204327
USER	Buscar produtos	129	START	1710037204356	1710037204356
REQUEST	129		GET_produtos	1710037204357	1710037204360	OK	 
USER	Buscar usuários	101	END	1710037201488	1710037204377
USER	Buscar carrinhos	80	END	1710037198687	1710037204388
USER	Buscar produtos	94	END	1710037200017	1710037204417
USER	Buscar usuários	106	END	1710037201887	1710037204477
USER	Buscar usuários	126	START	1710037204488	1710037204488
REQUEST	126		GET_usuarios	1710037204489	1710037204493	OK	 
USER	Buscar produtos	130	START	1710037204687	1710037204687
USER	Buscar usuários	127	START	1710037204687	1710037204687
USER	Buscar carrinhos	131	START	1710037204687	1710037204687
REQUEST	127		GET_usuarios	1710037204687	1710037204691	OK	 
REQUEST	131		GET_carrinhos	1710037204687	1710037204691	OK	 
REQUEST	130		GET_produtos	1710037204687	1710037204692	OK	 
USER	Buscar usuários	100	END	1710037201287	1710037204797
USER	Buscar usuários	132	START	1710037204888	1710037204888
REQUEST	132		GET_usuarios	1710037204889	1710037204895	OK	 
USER	Buscar usuários	107	END	1710037202087	1710037204897
USER	Buscar usuários	133	START	1710037205087	1710037205087
REQUEST	133		GET_usuarios	1710037205088	1710037205093	OK	 
USER	Buscar produtos	137	START	1710037205187	1710037205187
REQUEST	137		GET_produtos	1710037205188	1710037205194	OK	 
USER	Buscar usuários	134	START	1710037205287	1710037205287
REQUEST	134		GET_usuarios	1710037205288	1710037205294	OK	 
USER	Buscar usuários	135	START	1710037205487	1710037205487
REQUEST	135		GET_usuarios	1710037205488	1710037205493	OK	 
USER	Buscar usuários	110	END	1710037202687	1710037205597
USER	Buscar produtos	138	START	1710037205688	1710037205688
USER	Buscar carrinhos	139	START	1710037205688	1710037205688
USER	Buscar usuários	136	START	1710037205688	1710037205688
REQUEST	138		GET_produtos	1710037205689	1710037205696	OK	 
REQUEST	136		GET_usuarios	1710037205690	1710037205697	OK	 
REQUEST	139		GET_carrinhos	1710037205690	1710037205698	OK	 
USER	Buscar usuários	115	END	1710037202887	1710037205787
USER	Buscar carrinhos	105	END	1710037201688	1710037205837
USER	Buscar usuários	140	START	1710037205887	1710037205887
REQUEST	140		GET_usuarios	1710037205888	1710037205893	OK	 
USER	Buscar produtos	95	END	1710037200357	1710037205998
USER	Buscar produtos	145	START	1710037206017	1710037206017
REQUEST	145		GET_produtos	1710037206018	1710037206024	OK	 
USER	Buscar usuários	141	START	1710037206087	1710037206087
REQUEST	141		GET_usuarios	1710037206088	1710037206094	OK	 
USER	Buscar usuários	108	END	1710037202288	1710037206107
USER	Buscar usuários	109	END	1710037202486	1710037206127
USER	Buscar usuários	102	END	1710037201687	1710037206177
USER	Buscar usuários	142	START	1710037206287	1710037206287
REQUEST	142		GET_usuarios	1710037206288	1710037206294	OK	 
USER	Buscar produtos	104	END	1710037201687	1710037206307
USER	Buscar produtos	103	END	1710037201187	1710037206337
USER	Buscar produtos	146	START	1710037206357	1710037206357
REQUEST	146		GET_produtos	1710037206358	1710037206363	OK	 
USER	Buscar usuários	143	START	1710037206487	1710037206487
REQUEST	143		GET_usuarios	1710037206488	1710037206492	OK	 
USER	Buscar usuários	144	START	1710037206688	1710037206688
USER	Buscar produtos	147	START	1710037206688	1710037206688
USER	Buscar carrinhos	148	START	1710037206688	1710037206688
REQUEST	144		GET_usuarios	1710037206689	1710037206694	OK	 
REQUEST	147		GET_produtos	1710037206689	1710037206695	OK	 
REQUEST	148		GET_carrinhos	1710037206689	1710037206695	OK	 
USER	Buscar usuários	118	END	1710037203487	1710037206747
USER	Buscar usuários	116	END	1710037203087	1710037206757
USER	Buscar usuários	149	START	1710037206887	1710037206887
REQUEST	149		GET_usuarios	1710037206888	1710037206891	OK	 
USER	Buscar produtos	111	END	1710037202017	1710037206967
USER	Buscar produtos	121	END	1710037203688	1710037207008
USER	Buscar usuários	150	START	1710037207087	1710037207087
REQUEST	150		GET_usuarios	1710037207088	1710037207092	OK	 
USER	Buscar usuários	123	END	1710037203888	1710037207137
USER	Buscar produtos	154	START	1710037207187	1710037207187
REQUEST	154		GET_produtos	1710037207188	1710037207191	OK	 
USER	Buscar produtos	128	END	1710037204017	1710037207258
USER	Buscar usuários	151	START	1710037207287	1710037207287
REQUEST	151		GET_usuarios	1710037207288	1710037207292	OK	 
USER	Buscar usuários	126	END	1710037204488	1710037207337
USER	Buscar usuários	152	START	1710037207487	1710037207487
REQUEST	152		GET_usuarios	1710037207488	1710037207493	OK	 
USER	Buscar carrinhos	97	END	1710037200687	1710037207508
USER	Buscar usuários	127	END	1710037204687	1710037207639
USER	Buscar produtos	155	START	1710037207687	1710037207687
USER	Buscar usuários	153	START	1710037207687	1710037207687
USER	Buscar carrinhos	156	START	1710037207687	1710037207687
REQUEST	153		GET_usuarios	1710037207688	1710037207693	OK	 
REQUEST	155		GET_produtos	1710037207688	1710037207693	OK	 
REQUEST	156		GET_carrinhos	1710037207688	1710037207693	OK	 
USER	Buscar usuários	124	END	1710037204087	1710037207717
USER	Buscar produtos	130	END	1710037204687	1710037207826
USER	Buscar usuários	125	END	1710037204288	1710037207858
USER	Buscar produtos	113	END	1710037202687	1710037207877
USER	Buscar usuários	157	START	1710037207887	1710037207887
REQUEST	157		GET_usuarios	1710037207888	1710037207891	OK	 
USER	Buscar produtos	162	START	1710037208017	1710037208017
REQUEST	162		GET_produtos	1710037208018	1710037208024	OK	 
USER	Buscar usuários	117	END	1710037203287	1710037208037
USER	Buscar usuários	132	END	1710037204888	1710037208057
USER	Buscar produtos	112	END	1710037202357	1710037208087
USER	Buscar usuários	135	END	1710037205487	1710037208087
USER	Buscar usuários	158	START	1710037208087	1710037208087
REQUEST	158		GET_usuarios	1710037208088	1710037208092	OK	 
USER	Buscar produtos	120	END	1710037203187	1710037208117
USER	Buscar carrinhos	122	END	1710037203688	1710037208127
USER	Buscar usuários	133	END	1710037205087	1710037208157
USER	Buscar usuários	159	START	1710037208287	1710037208287
REQUEST	159		GET_usuarios	1710037208288	1710037208293	OK	 
USER	Buscar usuários	141	END	1710037206087	1710037208297
USER	Buscar produtos	163	START	1710037208357	1710037208357
REQUEST	163		GET_produtos	1710037208357	1710037208360	OK	 
USER	Buscar usuários	142	END	1710037206287	1710037208387
USER	Buscar usuários	136	END	1710037205688	1710037208467
USER	Buscar usuários	160	START	1710037208487	1710037208487
REQUEST	160		GET_usuarios	1710037208487	1710037208491	OK	 
USER	Buscar usuários	140	END	1710037205887	1710037208497
USER	Buscar usuários	119	END	1710037203688	1710037208677
USER	Buscar usuários	161	START	1710037208687	1710037208687
USER	Buscar produtos	164	START	1710037208687	1710037208687
USER	Buscar carrinhos	165	START	1710037208687	1710037208687
REQUEST	161		GET_usuarios	1710037208688	1710037208693	OK	 
REQUEST	164		GET_produtos	1710037208688	1710037208693	OK	 
REQUEST	165		GET_carrinhos	1710037208688	1710037208694	OK	 
USER	Buscar usuários	166	START	1710037208887	1710037208887
REQUEST	166		GET_usuarios	1710037208888	1710037208890	OK	 
USER	Buscar usuários	134	END	1710037205287	1710037208927
USER	Buscar usuários	167	START	1710037209088	1710037209088
REQUEST	167		GET_usuarios	1710037209089	1710037209095	OK	 
USER	Buscar produtos	170	START	1710037209187	1710037209187
REQUEST	170		GET_produtos	1710037209188	1710037209192	OK	 
USER	Buscar produtos	137	END	1710037205187	1710037209237
USER	Buscar produtos	138	END	1710037205688	1710037209247
USER	Buscar usuários	168	START	1710037209287	1710037209287
REQUEST	168		GET_usuarios	1710037209288	1710037209292	OK	 
USER	Buscar usuários	169	START	1710037209488	1710037209488
REQUEST	169		GET_usuarios	1710037209489	1710037209494	OK	 
USER	Buscar produtos	129	END	1710037204356	1710037209597
USER	Buscar produtos	145	END	1710037206017	1710037209617
USER	Buscar carrinhos	114	END	1710037202687	1710037209637
USER	Buscar usuários	157	END	1710037207887	1710037210177
USER	Buscar usuários	158	END	1710037208087	1710037210198
USER	Buscar usuários	149	END	1710037206887	1710037210287
USER	Buscar produtos	154	END	1710037207187	1710037210287
USER	Buscar usuários	151	END	1710037207287	1710037210477
USER	Buscar usuários	143	END	1710037206487	1710037210488
USER	Buscar usuários	150	END	1710037207087	1710037210717
USER	Buscar carrinhos	148	END	1710037206688	1710037210768
USER	Buscar usuários	144	END	1710037206688	1710037210787
USER	Buscar carrinhos	131	END	1710037204687	1710037211288
USER	Buscar produtos	146	END	1710037206357	1710037211547
USER	Buscar usuários	167	END	1710037209088	1710037211857
USER	Buscar usuários	169	END	1710037209488	1710037211867
USER	Buscar usuários	161	END	1710037208687	1710037211917
USER	Buscar usuários	152	END	1710037207487	1710037212208
USER	Buscar usuários	153	END	1710037207687	1710037212237
USER	Buscar usuários	160	END	1710037208487	1710037212237
USER	Buscar produtos	147	END	1710037206688	1710037212437
USER	Buscar usuários	159	END	1710037208287	1710037212617
USER	Buscar carrinhos	156	END	1710037207687	1710037212658
USER	Buscar carrinhos	139	END	1710037205688	1710037212697
USER	Buscar produtos	162	END	1710037208017	1710037212737
USER	Buscar usuários	166	END	1710037208887	1710037212947
USER	Buscar produtos	155	END	1710037207687	1710037213007
USER	Buscar usuários	168	END	1710037209287	1710037213537
USER	Buscar produtos	164	END	1710037208687	1710037213797
USER	Buscar produtos	170	END	1710037209187	1710037213856
USER	Buscar produtos	163	END	1710037208357	1710037214148
USER	Buscar carrinhos	165	END	1710037208687	1710037215477
