ASSERTION	AAEDAAEBAwAAAAAAAABZQA==
ASSERTION	AAICAAIBAAAAAAAAABRA
RUN	AdvancedSimulation	advancedsimulation	1710115018063	 	3.2.1
USER	Editar Usuário	1	START	1710115018938	1710115018938
REQUEST	1		PUT_Usuario	1710115018961	1710115018976	KO	status.find.is(200), but actually found 400
USER	Editar Usuário	1	END	1710115018938	1710115019001
USER	Editar Usuário	2	START	1710115019955	1710115019955
REQUEST	2		PUT_Usuario	1710115019955	1710115019963	KO	status.find.is(200), but actually found 400
USER	Editar Usuário	2	END	1710115019955	1710115019965
USER	Editar Usuário	3	START	1710115020954	1710115020954
REQUEST	3		PUT_Usuario	1710115020956	1710115020961	KO	status.find.is(200), but actually found 400
USER	Editar Usuário	3	END	1710115020954	1710115020963
USER	Editar Usuário	4	START	1710115021954	1710115021954
REQUEST	4		PUT_Usuario	1710115021955	1710115021959	KO	status.find.is(200), but actually found 400
USER	Editar Usuário	4	END	1710115021954	1710115021960
USER	Editar Usuário	5	START	1710115022954	1710115022954
REQUEST	5		PUT_Usuario	1710115022955	1710115022958	KO	status.find.is(200), but actually found 400
USER	Editar Usuário	5	END	1710115022954	1710115022960
USER	Editar Usuário	6	START	1710115023954	1710115023954
REQUEST	6		PUT_Usuario	1710115023955	1710115023958	KO	status.find.is(200), but actually found 400
USER	Editar Usuário	6	END	1710115023954	1710115023959
USER	Editar Usuário	7	START	1710115024954	1710115024954
REQUEST	7		PUT_Usuario	1710115024956	1710115024961	KO	status.find.is(200), but actually found 400
USER	Editar Usuário	7	END	1710115024954	1710115024962
USER	Editar Usuário	8	START	1710115025945	1710115025945
REQUEST	8		PUT_Usuario	1710115025946	1710115025951	KO	status.find.is(200), but actually found 400
USER	Editar Usuário	8	END	1710115025945	1710115025952
USER	Editar Usuário	9	START	1710115026945	1710115026945
REQUEST	9		PUT_Usuario	1710115026947	1710115026952	KO	status.find.is(200), but actually found 400
USER	Editar Usuário	9	END	1710115026945	1710115026953
USER	Editar Usuário	10	START	1710115027945	1710115027945
REQUEST	10		PUT_Usuario	1710115027946	1710115027951	KO	status.find.is(200), but actually found 400
USER	Editar Usuário	10	END	1710115027945	1710115027952
USER	Editar Usuário	11	START	1710115028944	1710115028944
REQUEST	11		PUT_Usuario	1710115028945	1710115028950	KO	status.find.is(200), but actually found 400
USER	Editar Usuário	11	END	1710115028944	1710115028951
USER	Editar Usuário	12	START	1710115029955	1710115029955
REQUEST	12		PUT_Usuario	1710115029956	1710115029962	KO	status.find.is(200), but actually found 400
USER	Editar Usuário	12	END	1710115029955	1710115029963
USER	Editar Usuário	13	START	1710115030945	1710115030945
REQUEST	13		PUT_Usuario	1710115030945	1710115030950	KO	status.find.is(200), but actually found 400
USER	Editar Usuário	13	END	1710115030945	1710115030951
USER	Editar Usuário	14	START	1710115031944	1710115031944
REQUEST	14		PUT_Usuario	1710115031944	1710115031949	KO	status.find.is(200), but actually found 400
USER	Editar Usuário	14	END	1710115031944	1710115031950
USER	Editar Usuário	15	START	1710115032954	1710115032954
REQUEST	15		PUT_Usuario	1710115032956	1710115032963	KO	status.find.is(200), but actually found 400
USER	Editar Usuário	15	END	1710115032954	1710115032966
USER	Editar Usuário	16	START	1710115033945	1710115033945
REQUEST	16		PUT_Usuario	1710115033945	1710115033949	KO	status.find.is(200), but actually found 400
USER	Editar Usuário	16	END	1710115033945	1710115033951
USER	Editar Usuário	17	START	1710115034944	1710115034944
REQUEST	17		PUT_Usuario	1710115034945	1710115034950	KO	status.find.is(200), but actually found 400
USER	Editar Usuário	17	END	1710115034944	1710115034951
USER	Editar Usuário	18	START	1710115035955	1710115035955
REQUEST	18		PUT_Usuario	1710115035956	1710115035960	KO	status.find.is(200), but actually found 400
USER	Editar Usuário	18	END	1710115035955	1710115035962
USER	Editar Usuário	19	START	1710115036945	1710115036945
REQUEST	19		PUT_Usuario	1710115036946	1710115036952	KO	status.find.is(200), but actually found 400
USER	Editar Usuário	19	END	1710115036945	1710115036953
USER	Editar Usuário	20	START	1710115037944	1710115037944
REQUEST	20		PUT_Usuario	1710115037945	1710115037949	KO	status.find.is(200), but actually found 400
USER	Editar Usuário	20	END	1710115037944	1710115037951
USER	Editar Usuário	23	START	1710115038944	1710115038944
USER	Editar Usuário	26	START	1710115038945	1710115038945
USER	Editar Usuário	25	START	1710115038945	1710115038945
USER	Editar Usuário	29	START	1710115038945	1710115038945
USER	Editar Usuário	28	START	1710115038946	1710115038946
USER	Editar Usuário	30	START	1710115038946	1710115038946
USER	Editar Usuário	24	START	1710115038944	1710115038944
USER	Editar Usuário	21	START	1710115038944	1710115038944
USER	Editar Usuário	22	START	1710115038944	1710115038944
USER	Editar Usuário	27	START	1710115038947	1710115038947
REQUEST	24		PUT_Usuario	1710115038945	1710115038949	KO	status.find.is(200), but actually found 400
REQUEST	25		PUT_Usuario	1710115038945	1710115038950	KO	status.find.is(200), but actually found 400
USER	Editar Usuário	24	END	1710115038944	1710115038952
USER	Editar Usuário	25	END	1710115038945	1710115038952
REQUEST	26		PUT_Usuario	1710115038945	1710115038952	KO	status.find.is(200), but actually found 400
REQUEST	23		PUT_Usuario	1710115038945	1710115038952	KO	status.find.is(200), but actually found 400
USER	Editar Usuário	26	END	1710115038945	1710115038954
USER	Editar Usuário	23	END	1710115038944	1710115038954
REQUEST	30		PUT_Usuario	1710115038946	1710115038960	KO	status.find.is(200), but actually found 400
REQUEST	28		PUT_Usuario	1710115038946	1710115038962	KO	status.find.is(200), but actually found 400
REQUEST	22		PUT_Usuario	1710115038945	1710115038962	KO	status.find.is(200), but actually found 400
REQUEST	21		PUT_Usuario	1710115038945	1710115038962	KO	status.find.is(200), but actually found 400
REQUEST	27		PUT_Usuario	1710115038948	1710115038962	KO	status.find.is(200), but actually found 400
USER	Editar Usuário	30	END	1710115038946	1710115038964
REQUEST	29		PUT_Usuario	1710115038946	1710115038962	KO	status.find.is(200), but actually found 400
USER	Editar Usuário	28	END	1710115038946	1710115038964
USER	Editar Usuário	22	END	1710115038944	1710115038964
USER	Editar Usuário	29	END	1710115038945	1710115038965
USER	Editar Usuário	27	END	1710115038947	1710115038965
USER	Editar Usuário	21	END	1710115038944	1710115038965
