ASSERTION	AAEDAAEBAwAAAAAAAABZQA==
ASSERTION	AAICAAIBAAAAAAAAABRA
RUN	AdvancedSimulation	advancedsimulation	1710114578772	 	3.2.1
USER	Editar Usuário	1	START	1710114579612	1710114579612
REQUEST	1		PUT_Usuario	1710114579633	1710114579646	KO	status.find.is(200), but actually found 400
USER	Editar Usuário	1	END	1710114579612	1710114579670
USER	Editar Usuário	2	START	1710114580632	1710114580632
REQUEST	2		PUT_Usuario	1710114580633	1710114580644	KO	status.find.is(200), but actually found 400
USER	Editar Usuário	2	END	1710114580632	1710114580645
USER	Editar Usuário	3	START	1710114581632	1710114581632
REQUEST	3		PUT_Usuario	1710114581633	1710114581636	KO	status.find.is(200), but actually found 400
USER	Editar Usuário	3	END	1710114581632	1710114581637
USER	Editar Usuário	4	START	1710114582621	1710114582621
REQUEST	4		PUT_Usuario	1710114582622	1710114582626	KO	status.find.is(200), but actually found 400
USER	Editar Usuário	4	END	1710114582621	1710114582627
USER	Editar Usuário	5	START	1710114583622	1710114583622
REQUEST	5		PUT_Usuario	1710114583623	1710114583626	KO	status.find.is(200), but actually found 400
USER	Editar Usuário	5	END	1710114583622	1710114583627
USER	Editar Usuário	6	START	1710114584622	1710114584622
REQUEST	6		PUT_Usuario	1710114584623	1710114584626	KO	status.find.is(200), but actually found 400
USER	Editar Usuário	6	END	1710114584622	1710114584627
USER	Editar Usuário	7	START	1710114585623	1710114585623
REQUEST	7		PUT_Usuario	1710114585624	1710114585629	KO	status.find.is(200), but actually found 400
USER	Editar Usuário	7	END	1710114585623	1710114585630
USER	Editar Usuário	8	START	1710114586623	1710114586623
REQUEST	8		PUT_Usuario	1710114586623	1710114586627	KO	status.find.is(200), but actually found 400
USER	Editar Usuário	8	END	1710114586623	1710114586629
USER	Editar Usuário	9	START	1710114587622	1710114587622
REQUEST	9		PUT_Usuario	1710114587623	1710114587628	KO	status.find.is(200), but actually found 400
USER	Editar Usuário	9	END	1710114587622	1710114587629
USER	Editar Usuário	10	START	1710114588622	1710114588622
REQUEST	10		PUT_Usuario	1710114588624	1710114588632	KO	status.find.is(200), but actually found 400
USER	Editar Usuário	10	END	1710114588622	1710114588633
USER	Editar Usuário	11	START	1710114589622	1710114589622
REQUEST	11		PUT_Usuario	1710114589623	1710114589627	KO	status.find.is(200), but actually found 400
USER	Editar Usuário	11	END	1710114589622	1710114589628
USER	Editar Usuário	12	START	1710114590623	1710114590623
REQUEST	12		PUT_Usuario	1710114590625	1710114590634	KO	status.find.is(200), but actually found 400
USER	Editar Usuário	12	END	1710114590623	1710114590635
USER	Editar Usuário	13	START	1710114591621	1710114591621
REQUEST	13		PUT_Usuario	1710114591622	1710114591626	KO	status.find.is(200), but actually found 400
USER	Editar Usuário	13	END	1710114591621	1710114591627
USER	Editar Usuário	14	START	1710114592622	1710114592622
REQUEST	14		PUT_Usuario	1710114592624	1710114592630	KO	status.find.is(200), but actually found 400
USER	Editar Usuário	14	END	1710114592622	1710114592631
USER	Editar Usuário	15	START	1710114593622	1710114593622
REQUEST	15		PUT_Usuario	1710114593623	1710114593630	KO	status.find.is(200), but actually found 400
USER	Editar Usuário	15	END	1710114593622	1710114593632
USER	Editar Usuário	16	START	1710114594622	1710114594622
REQUEST	16		PUT_Usuario	1710114594623	1710114594626	KO	status.find.is(200), but actually found 400
USER	Editar Usuário	16	END	1710114594622	1710114594628
USER	Editar Usuário	17	START	1710114595622	1710114595622
REQUEST	17		PUT_Usuario	1710114595624	1710114595630	KO	status.find.is(200), but actually found 400
USER	Editar Usuário	17	END	1710114595622	1710114595632
USER	Editar Usuário	18	START	1710114596623	1710114596623
REQUEST	18		PUT_Usuario	1710114596625	1710114596630	KO	status.find.is(200), but actually found 400
USER	Editar Usuário	18	END	1710114596623	1710114596632
USER	Editar Usuário	19	START	1710114597622	1710114597622
REQUEST	19		PUT_Usuario	1710114597624	1710114597631	KO	status.find.is(200), but actually found 400
USER	Editar Usuário	19	END	1710114597622	1710114597632
USER	Editar Usuário	20	START	1710114598622	1710114598622
REQUEST	20		PUT_Usuario	1710114598624	1710114598630	KO	status.find.is(200), but actually found 400
USER	Editar Usuário	20	END	1710114598622	1710114598631
USER	Editar Usuário	24	START	1710114599623	1710114599623
USER	Editar Usuário	25	START	1710114599624	1710114599624
USER	Editar Usuário	22	START	1710114599622	1710114599622
USER	Editar Usuário	27	START	1710114599625	1710114599625
USER	Editar Usuário	30	START	1710114599625	1710114599625
USER	Editar Usuário	23	START	1710114599622	1710114599622
USER	Editar Usuário	26	START	1710114599625	1710114599625
USER	Editar Usuário	21	START	1710114599622	1710114599622
USER	Editar Usuário	29	START	1710114599626	1710114599626
USER	Editar Usuário	28	START	1710114599627	1710114599627
REQUEST	25		PUT_Usuario	1710114599624	1710114599628	KO	status.find.is(200), but actually found 400
REQUEST	24		PUT_Usuario	1710114599623	1710114599629	KO	status.find.is(200), but actually found 400
USER	Editar Usuário	25	END	1710114599624	1710114599630
USER	Editar Usuário	24	END	1710114599623	1710114599630
REQUEST	21		PUT_Usuario	1710114599623	1710114599630	KO	status.find.is(200), but actually found 400
USER	Editar Usuário	21	END	1710114599622	1710114599632
REQUEST	22		PUT_Usuario	1710114599623	1710114599634	KO	status.find.is(200), but actually found 400
REQUEST	23		PUT_Usuario	1710114599623	1710114599635	KO	status.find.is(200), but actually found 400
REQUEST	30		PUT_Usuario	1710114599625	1710114599634	KO	status.find.is(200), but actually found 400
REQUEST	27		PUT_Usuario	1710114599625	1710114599637	KO	status.find.is(200), but actually found 400
REQUEST	26		PUT_Usuario	1710114599626	1710114599638	KO	status.find.is(200), but actually found 400
USER	Editar Usuário	22	END	1710114599622	1710114599639
USER	Editar Usuário	23	END	1710114599622	1710114599639
USER	Editar Usuário	30	END	1710114599625	1710114599640
REQUEST	28		PUT_Usuario	1710114599627	1710114599638	KO	status.find.is(200), but actually found 400
USER	Editar Usuário	27	END	1710114599625	1710114599641
USER	Editar Usuário	26	END	1710114599625	1710114599641
REQUEST	29		PUT_Usuario	1710114599627	1710114599640	KO	status.find.is(200), but actually found 400
USER	Editar Usuário	28	END	1710114599627	1710114599642
USER	Editar Usuário	29	END	1710114599626	1710114599642
