ASSERTION	AAEDAAEBAwAAAAAAAABZQA==
ASSERTION	AAICAAIBAAAAAAAAABRA
RUN	AdvancedSimulation	advancedsimulation	1710115491801	 	3.2.1
USER	Editar Usuário	1	START	1710115492722	1710115492722
REQUEST	1		PUT_Usuario	1710115492758	1710115492776	KO	status.find.is(200), but actually found 400
USER	Editar Usuário	1	END	1710115492722	1710115492794
USER	Editar Usuário	2	START	1710115493741	1710115493741
REQUEST	2		PUT_Usuario	1710115493742	1710115493750	KO	status.find.is(200), but actually found 400
USER	Editar Usuário	2	END	1710115493741	1710115493751
USER	Editar Usuário	3	START	1710115494741	1710115494741
REQUEST	3		PUT_Usuario	1710115494742	1710115494746	KO	status.find.is(200), but actually found 400
USER	Editar Usuário	3	END	1710115494741	1710115494747
USER	Editar Usuário	4	START	1710115495731	1710115495731
REQUEST	4		PUT_Usuario	1710115495733	1710115495739	KO	status.find.is(200), but actually found 400
USER	Editar Usuário	4	END	1710115495731	1710115495740
USER	Editar Usuário	5	START	1710115496732	1710115496732
REQUEST	5		PUT_Usuario	1710115496734	1710115496739	KO	status.find.is(200), but actually found 400
USER	Editar Usuário	5	END	1710115496732	1710115496740
USER	Editar Usuário	6	START	1710115497730	1710115497730
REQUEST	6		PUT_Usuario	1710115497731	1710115497739	KO	status.find.is(200), but actually found 400
USER	Editar Usuário	6	END	1710115497730	1710115497740
USER	Editar Usuário	7	START	1710115498731	1710115498731
REQUEST	7		PUT_Usuario	1710115498733	1710115498739	KO	status.find.is(200), but actually found 400
USER	Editar Usuário	7	END	1710115498731	1710115498740
USER	Editar Usuário	8	START	1710115499731	1710115499731
REQUEST	8		PUT_Usuario	1710115499733	1710115499740	KO	status.find.is(200), but actually found 400
USER	Editar Usuário	8	END	1710115499731	1710115499741
USER	Editar Usuário	9	START	1710115500732	1710115500732
REQUEST	9		PUT_Usuario	1710115500734	1710115500742	KO	status.find.is(200), but actually found 400
USER	Editar Usuário	9	END	1710115500732	1710115500743
USER	Editar Usuário	10	START	1710115501731	1710115501731
REQUEST	10		PUT_Usuario	1710115501732	1710115501741	KO	status.find.is(200), but actually found 400
USER	Editar Usuário	10	END	1710115501731	1710115501742
USER	Editar Usuário	11	START	1710115502731	1710115502731
REQUEST	11		PUT_Usuario	1710115502731	1710115502737	KO	status.find.is(200), but actually found 400
USER	Editar Usuário	11	END	1710115502731	1710115502738
USER	Editar Usuário	12	START	1710115503731	1710115503731
REQUEST	12		PUT_Usuario	1710115503733	1710115503739	KO	status.find.is(200), but actually found 400
USER	Editar Usuário	12	END	1710115503731	1710115503740
USER	Editar Usuário	13	START	1710115504731	1710115504731
REQUEST	13		PUT_Usuario	1710115504733	1710115504743	KO	status.find.is(200), but actually found 400
USER	Editar Usuário	13	END	1710115504731	1710115504744
USER	Editar Usuário	14	START	1710115505731	1710115505731
REQUEST	14		PUT_Usuario	1710115505732	1710115505740	KO	status.find.is(200), but actually found 400
USER	Editar Usuário	14	END	1710115505731	1710115505741
USER	Editar Usuário	15	START	1710115506732	1710115506732
REQUEST	15		PUT_Usuario	1710115506734	1710115506746	KO	status.find.is(200), but actually found 400
USER	Editar Usuário	15	END	1710115506732	1710115506751
USER	Editar Usuário	16	START	1710115507731	1710115507731
REQUEST	16		PUT_Usuario	1710115507732	1710115507737	KO	status.find.is(200), but actually found 400
USER	Editar Usuário	16	END	1710115507731	1710115507738
USER	Editar Usuário	17	START	1710115508731	1710115508731
REQUEST	17		PUT_Usuario	1710115508733	1710115508738	KO	status.find.is(200), but actually found 400
USER	Editar Usuário	17	END	1710115508731	1710115508739
USER	Editar Usuário	18	START	1710115509731	1710115509731
REQUEST	18		PUT_Usuario	1710115509733	1710115509742	KO	status.find.is(200), but actually found 400
USER	Editar Usuário	18	END	1710115509731	1710115509743
USER	Editar Usuário	19	START	1710115510730	1710115510730
REQUEST	19		PUT_Usuario	1710115510732	1710115510738	KO	status.find.is(200), but actually found 400
USER	Editar Usuário	19	END	1710115510730	1710115510740
USER	Editar Usuário	20	START	1710115511731	1710115511731
REQUEST	20		PUT_Usuario	1710115511732	1710115511737	KO	status.find.is(200), but actually found 400
USER	Editar Usuário	20	END	1710115511731	1710115511738
USER	Editar Usuário	24	START	1710115512731	1710115512731
USER	Editar Usuário	21	START	1710115512731	1710115512731
USER	Editar Usuário	26	START	1710115512731	1710115512731
USER	Editar Usuário	27	START	1710115512732	1710115512732
USER	Editar Usuário	23	START	1710115512731	1710115512731
USER	Editar Usuário	22	START	1710115512731	1710115512731
USER	Editar Usuário	28	START	1710115512733	1710115512733
USER	Editar Usuário	30	START	1710115512732	1710115512732
USER	Editar Usuário	25	START	1710115512731	1710115512731
REQUEST	25		PUT_Usuario	1710115512731	1710115512736	KO	status.find.is(200), but actually found 400
REQUEST	26		PUT_Usuario	1710115512732	1710115512738	KO	status.find.is(200), but actually found 400
USER	Editar Usuário	29	START	1710115512734	1710115512734
USER	Editar Usuário	25	END	1710115512731	1710115512739
USER	Editar Usuário	26	END	1710115512731	1710115512742
REQUEST	27		PUT_Usuario	1710115512732	1710115512742	KO	status.find.is(200), but actually found 400
USER	Editar Usuário	27	END	1710115512732	1710115512746
REQUEST	24		PUT_Usuario	1710115512731	1710115512745	KO	status.find.is(200), but actually found 400
REQUEST	30		PUT_Usuario	1710115512734	1710115512745	KO	status.find.is(200), but actually found 400
USER	Editar Usuário	24	END	1710115512731	1710115512747
USER	Editar Usuário	30	END	1710115512732	1710115512747
REQUEST	28		PUT_Usuario	1710115512734	1710115512747	KO	status.find.is(200), but actually found 400
USER	Editar Usuário	28	END	1710115512733	1710115512749
REQUEST	21		PUT_Usuario	1710115512731	1710115512751	KO	status.find.is(200), but actually found 400
REQUEST	23		PUT_Usuario	1710115512731	1710115512751	KO	status.find.is(200), but actually found 400
REQUEST	22		PUT_Usuario	1710115512731	1710115512752	KO	status.find.is(200), but actually found 400
USER	Editar Usuário	21	END	1710115512731	1710115512754
USER	Editar Usuário	23	END	1710115512731	1710115512754
USER	Editar Usuário	22	END	1710115512731	1710115512755
REQUEST	29		PUT_Usuario	1710115512739	1710115512754	KO	status.find.is(200), but actually found 400
USER	Editar Usuário	29	END	1710115512734	1710115512757
