ASSERTION	AAEDAAEBAwAAAAAAAABZQA==
ASSERTION	AAICAAIBAAAAAAAAABRA
RUN	AdvancedSimulation	advancedsimulation	1710114036911	 	3.2.1
USER	Editar Usuário	1	START	1710114037778	1710114037778
REQUEST	1		PUT_Usuario	1710114037798	1710114037812	KO	status.find.is(200), but actually found 400
USER	Editar Usuário	1	END	1710114037778	1710114037835
USER	Editar Usuário	2	START	1710114038791	1710114038791
REQUEST	2		PUT_Usuario	1710114038791	1710114038798	KO	status.find.is(200), but actually found 400
USER	Editar Usuário	2	END	1710114038791	1710114038798
USER	Editar Usuário	3	START	1710114039801	1710114039801
REQUEST	3		PUT_Usuario	1710114039801	1710114039806	KO	status.find.is(200), but actually found 400
USER	Editar Usuário	3	END	1710114039801	1710114039808
USER	Editar Usuário	4	START	1710114040791	1710114040791
REQUEST	4		PUT_Usuario	1710114040792	1710114040795	KO	status.find.is(200), but actually found 400
USER	Editar Usuário	4	END	1710114040791	1710114040796
USER	Editar Usuário	5	START	1710114041790	1710114041790
REQUEST	5		PUT_Usuario	1710114041791	1710114041795	KO	status.find.is(200), but actually found 400
USER	Editar Usuário	5	END	1710114041790	1710114041796
USER	Editar Usuário	6	START	1710114042790	1710114042790
REQUEST	6		PUT_Usuario	1710114042791	1710114042795	KO	status.find.is(200), but actually found 400
USER	Editar Usuário	6	END	1710114042790	1710114042796
USER	Editar Usuário	7	START	1710114043790	1710114043790
REQUEST	7		PUT_Usuario	1710114043791	1710114043795	KO	status.find.is(200), but actually found 400
USER	Editar Usuário	7	END	1710114043790	1710114043796
USER	Editar Usuário	8	START	1710114044791	1710114044791
REQUEST	8		PUT_Usuario	1710114044792	1710114044796	KO	status.find.is(200), but actually found 400
USER	Editar Usuário	8	END	1710114044791	1710114044797
USER	Editar Usuário	9	START	1710114045791	1710114045791
REQUEST	9		PUT_Usuario	1710114045792	1710114045796	KO	status.find.is(200), but actually found 400
USER	Editar Usuário	9	END	1710114045791	1710114045797
USER	Editar Usuário	10	START	1710114046791	1710114046791
REQUEST	10		PUT_Usuario	1710114046792	1710114046800	KO	status.find.is(200), but actually found 400
USER	Editar Usuário	10	END	1710114046791	1710114046802
USER	Editar Usuário	11	START	1710114047791	1710114047791
REQUEST	11		PUT_Usuario	1710114047792	1710114047798	KO	status.find.is(200), but actually found 400
USER	Editar Usuário	11	END	1710114047791	1710114047799
USER	Editar Usuário	12	START	1710114048791	1710114048791
REQUEST	12		PUT_Usuario	1710114048792	1710114048796	KO	status.find.is(200), but actually found 400
USER	Editar Usuário	12	END	1710114048791	1710114048797
USER	Editar Usuário	13	START	1710114049790	1710114049790
REQUEST	13		PUT_Usuario	1710114049791	1710114049796	KO	status.find.is(200), but actually found 400
USER	Editar Usuário	13	END	1710114049790	1710114049797
USER	Editar Usuário	14	START	1710114050791	1710114050791
REQUEST	14		PUT_Usuario	1710114050792	1710114050797	KO	status.find.is(200), but actually found 400
USER	Editar Usuário	14	END	1710114050791	1710114050797
USER	Editar Usuário	15	START	1710114051791	1710114051791
REQUEST	15		PUT_Usuario	1710114051791	1710114051796	KO	status.find.is(200), but actually found 400
USER	Editar Usuário	15	END	1710114051791	1710114051797
USER	Editar Usuário	16	START	1710114052791	1710114052791
REQUEST	16		PUT_Usuario	1710114052792	1710114052796	KO	status.find.is(200), but actually found 400
USER	Editar Usuário	16	END	1710114052791	1710114052797
USER	Editar Usuário	17	START	1710114053791	1710114053791
REQUEST	17		PUT_Usuario	1710114053792	1710114053797	KO	status.find.is(200), but actually found 400
USER	Editar Usuário	17	END	1710114053791	1710114053798
USER	Editar Usuário	18	START	1710114054791	1710114054791
REQUEST	18		PUT_Usuario	1710114054792	1710114054798	KO	status.find.is(200), but actually found 400
USER	Editar Usuário	18	END	1710114054791	1710114054800
USER	Editar Usuário	19	START	1710114055791	1710114055791
REQUEST	19		PUT_Usuario	1710114055792	1710114055797	KO	status.find.is(200), but actually found 400
USER	Editar Usuário	19	END	1710114055791	1710114055799
USER	Editar Usuário	20	START	1710114056791	1710114056791
REQUEST	20		PUT_Usuario	1710114056792	1710114056796	KO	status.find.is(200), but actually found 400
USER	Editar Usuário	20	END	1710114056791	1710114056797
