ASSERTION	AAEDAAEBAwAAAAAAAABZQA==
ASSERTION	AAICAAIBAAAAAAAAABRA
RUN	AdvancedSimulation	advancedsimulation	1710114279652	 	3.2.1
USER	Editar Usuário	1	START	1710114280415	1710114280415
REQUEST	1		PUT_Usuario	1710114280446	1710114280465	KO	status.find.is(200), but actually found 400
USER	Editar Usuário	1	END	1710114280415	1710114280490
USER	Editar Usuário	2	START	1710114281434	1710114281434
REQUEST	2		PUT_Usuario	1710114281434	1710114281441	KO	status.find.is(200), but actually found 400
USER	Editar Usuário	2	END	1710114281434	1710114281442
USER	Editar Usuário	3	START	1710114282434	1710114282434
REQUEST	3		PUT_Usuario	1710114282434	1710114282440	KO	status.find.is(200), but actually found 400
USER	Editar Usuário	3	END	1710114282434	1710114282441
USER	Editar Usuário	4	START	1710114283424	1710114283424
REQUEST	4		PUT_Usuario	1710114283426	1710114283430	KO	status.find.is(200), but actually found 400
USER	Editar Usuário	4	END	1710114283424	1710114283432
USER	Editar Usuário	5	START	1710114284425	1710114284425
REQUEST	5		PUT_Usuario	1710114284431	1710114284436	KO	status.find.is(200), but actually found 400
USER	Editar Usuário	5	END	1710114284425	1710114284438
USER	Editar Usuário	6	START	1710114285424	1710114285424
REQUEST	6		PUT_Usuario	1710114285425	1710114285430	KO	status.find.is(200), but actually found 400
USER	Editar Usuário	6	END	1710114285424	1710114285431
USER	Editar Usuário	7	START	1710114286424	1710114286424
REQUEST	7		PUT_Usuario	1710114286426	1710114286432	KO	status.find.is(200), but actually found 400
USER	Editar Usuário	7	END	1710114286424	1710114286433
USER	Editar Usuário	8	START	1710114287424	1710114287424
REQUEST	8		PUT_Usuario	1710114287426	1710114287432	KO	status.find.is(200), but actually found 400
USER	Editar Usuário	8	END	1710114287424	1710114287433
USER	Editar Usuário	9	START	1710114288425	1710114288425
REQUEST	9		PUT_Usuario	1710114288427	1710114288434	KO	status.find.is(200), but actually found 400
USER	Editar Usuário	9	END	1710114288425	1710114288435
USER	Editar Usuário	10	START	1710114289424	1710114289424
REQUEST	10		PUT_Usuario	1710114289426	1710114289434	KO	status.find.is(200), but actually found 400
USER	Editar Usuário	10	END	1710114289424	1710114289435
USER	Editar Usuário	11	START	1710114290425	1710114290425
REQUEST	11		PUT_Usuario	1710114290427	1710114290434	KO	status.find.is(200), but actually found 400
USER	Editar Usuário	11	END	1710114290425	1710114290435
USER	Editar Usuário	12	START	1710114291424	1710114291424
REQUEST	12		PUT_Usuario	1710114291425	1710114291429	KO	status.find.is(200), but actually found 400
USER	Editar Usuário	12	END	1710114291424	1710114291430
USER	Editar Usuário	13	START	1710114292424	1710114292424
REQUEST	13		PUT_Usuario	1710114292425	1710114292430	KO	status.find.is(200), but actually found 400
USER	Editar Usuário	13	END	1710114292424	1710114292431
USER	Editar Usuário	14	START	1710114293424	1710114293424
REQUEST	14		PUT_Usuario	1710114293426	1710114293432	KO	status.find.is(200), but actually found 400
USER	Editar Usuário	14	END	1710114293424	1710114293433
USER	Editar Usuário	15	START	1710114294424	1710114294424
REQUEST	15		PUT_Usuario	1710114294426	1710114294432	KO	status.find.is(200), but actually found 400
USER	Editar Usuário	15	END	1710114294424	1710114294433
USER	Editar Usuário	16	START	1710114295424	1710114295424
REQUEST	16		PUT_Usuario	1710114295425	1710114295429	KO	status.find.is(200), but actually found 400
USER	Editar Usuário	16	END	1710114295424	1710114295431
USER	Editar Usuário	17	START	1710114296424	1710114296424
REQUEST	17		PUT_Usuario	1710114296424	1710114296427	KO	status.find.is(200), but actually found 400
USER	Editar Usuário	17	END	1710114296424	1710114296428
USER	Editar Usuário	18	START	1710114297423	1710114297423
REQUEST	18		PUT_Usuario	1710114297424	1710114297428	KO	status.find.is(200), but actually found 400
USER	Editar Usuário	18	END	1710114297423	1710114297429
USER	Editar Usuário	19	START	1710114298423	1710114298423
REQUEST	19		PUT_Usuario	1710114298425	1710114298429	KO	status.find.is(200), but actually found 400
USER	Editar Usuário	19	END	1710114298423	1710114298431
USER	Editar Usuário	20	START	1710114299423	1710114299423
REQUEST	20		PUT_Usuario	1710114299424	1710114299428	KO	status.find.is(200), but actually found 400
USER	Editar Usuário	20	END	1710114299423	1710114299429
USER	Editar Usuário	26	START	1710114300424	1710114300424
USER	Editar Usuário	25	START	1710114300424	1710114300424
USER	Editar Usuário	22	START	1710114300423	1710114300423
USER	Editar Usuário	24	START	1710114300423	1710114300423
USER	Editar Usuário	27	START	1710114300426	1710114300426
USER	Editar Usuário	23	START	1710114300423	1710114300423
USER	Editar Usuário	21	START	1710114300423	1710114300423
USER	Editar Usuário	30	START	1710114300426	1710114300426
REQUEST	26		PUT_Usuario	1710114300424	1710114300428	KO	status.find.is(200), but actually found 400
USER	Editar Usuário	26	END	1710114300424	1710114300431
USER	Editar Usuário	29	START	1710114300429	1710114300429
USER	Editar Usuário	28	START	1710114300429	1710114300429
REQUEST	25		PUT_Usuario	1710114300426	1710114300433	KO	status.find.is(200), but actually found 400
REQUEST	24		PUT_Usuario	1710114300424	1710114300432	KO	status.find.is(200), but actually found 400
REQUEST	22		PUT_Usuario	1710114300424	1710114300434	KO	status.find.is(200), but actually found 400
USER	Editar Usuário	24	END	1710114300423	1710114300435
USER	Editar Usuário	25	END	1710114300424	1710114300436
USER	Editar Usuário	22	END	1710114300423	1710114300436
REQUEST	27		PUT_Usuario	1710114300427	1710114300436	KO	status.find.is(200), but actually found 400
USER	Editar Usuário	27	END	1710114300426	1710114300437
REQUEST	30		PUT_Usuario	1710114300427	1710114300438	KO	status.find.is(200), but actually found 400
USER	Editar Usuário	30	END	1710114300426	1710114300439
REQUEST	29		PUT_Usuario	1710114300431	1710114300443	KO	status.find.is(200), but actually found 400
REQUEST	28		PUT_Usuario	1710114300431	1710114300444	KO	status.find.is(200), but actually found 400
REQUEST	21		PUT_Usuario	1710114300424	1710114300442	KO	status.find.is(200), but actually found 400
USER	Editar Usuário	29	END	1710114300429	1710114300445
REQUEST	23		PUT_Usuario	1710114300424	1710114300443	KO	status.find.is(200), but actually found 400
USER	Editar Usuário	21	END	1710114300423	1710114300445
USER	Editar Usuário	28	END	1710114300429	1710114300445
USER	Editar Usuário	23	END	1710114300423	1710114300445
