RUN	AdvancedSimulation	advancedsimulation	1710035380641	 	3.2.1
USER	Buscar produtos	12	START	1710035381605	1710035381605
USER	Buscar carrinhos	18	START	1710035381606	1710035381606
USER	Buscar usuários	1	START	1710035381601	1710035381601
REQUEST	1		GET_usuarios	1710035381627	1710035381645	OK	 
REQUEST	12		GET_produtos	1710035381627	1710035381645	OK	 
REQUEST	18		GET_carrinhos	1710035381627	1710035381646	OK	 
USER	Buscar usuários	2	START	1710035381815	1710035381815
REQUEST	2		GET_usuarios	1710035381816	1710035381821	OK	 
USER	Buscar produtos	13	START	1710035381946	1710035381946
REQUEST	13		GET_produtos	1710035381948	1710035381955	OK	 
USER	Buscar usuários	3	START	1710035382016	1710035382016
REQUEST	3		GET_usuarios	1710035382017	1710035382022	OK	 
USER	Buscar usuários	4	START	1710035382216	1710035382216
REQUEST	4		GET_usuarios	1710035382217	1710035382226	OK	 
USER	Buscar produtos	14	START	1710035382286	1710035382286
REQUEST	14		GET_produtos	1710035382287	1710035382293	OK	 
USER	Buscar usuários	5	START	1710035382416	1710035382416
REQUEST	5		GET_usuarios	1710035382417	1710035382423	OK	 
USER	Buscar produtos	15	START	1710035382616	1710035382616
USER	Buscar carrinhos	19	START	1710035382616	1710035382616
USER	Buscar usuários	6	START	1710035382616	1710035382616
REQUEST	6		GET_usuarios	1710035382617	1710035382625	OK	 
REQUEST	15		GET_produtos	1710035382617	1710035382627	OK	 
REQUEST	19		GET_carrinhos	1710035382617	1710035382627	OK	 
USER	Buscar usuários	7	START	1710035382816	1710035382816
REQUEST	7		GET_usuarios	1710035382818	1710035382824	OK	 
USER	Buscar usuários	8	START	1710035383016	1710035383016
REQUEST	8		GET_usuarios	1710035383016	1710035383022	OK	 
USER	Buscar produtos	16	START	1710035383116	1710035383116
REQUEST	16		GET_produtos	1710035383117	1710035383122	OK	 
USER	Buscar usuários	9	START	1710035383217	1710035383217
REQUEST	9		GET_usuarios	1710035383218	1710035383225	OK	 
USER	Buscar usuários	10	START	1710035383426	1710035383426
REQUEST	10		GET_usuarios	1710035383428	1710035383435	OK	 
USER	Buscar produtos	17	START	1710035383616	1710035383616
USER	Buscar carrinhos	20	START	1710035383616	1710035383616
USER	Buscar usuários	11	START	1710035383654	1710035383654
REQUEST	17		GET_produtos	1710035383617	1710035383661	OK	 
REQUEST	11		GET_usuarios	1710035383654	1710035383661	OK	 
REQUEST	20		GET_carrinhos	1710035383618	1710035383663	OK	 
USER	Buscar usuários	21	START	1710035383835	1710035383835
REQUEST	21		GET_usuarios	1710035383836	1710035383841	OK	 
USER	Buscar produtos	26	START	1710035383965	1710035383965
REQUEST	26		GET_produtos	1710035383967	1710035383973	OK	 
USER	Buscar usuários	22	START	1710035384037	1710035384037
REQUEST	22		GET_usuarios	1710035384039	1710035384045	OK	 
USER	Buscar usuários	3	END	1710035382016	1710035384130
USER	Buscar usuários	23	START	1710035384236	1710035384236
REQUEST	23		GET_usuarios	1710035384236	1710035384239	OK	 
USER	Buscar produtos	27	START	1710035384296	1710035384296
REQUEST	27		GET_produtos	1710035384298	1710035384303	OK	 
USER	Buscar usuários	24	START	1710035384436	1710035384436
REQUEST	24		GET_usuarios	1710035384438	1710035384442	OK	 
USER	Buscar carrinhos	29	START	1710035384606	1710035384606
REQUEST	29		GET_carrinhos	1710035384606	1710035384610	OK	 
USER	Buscar usuários	25	START	1710035384636	1710035384636
REQUEST	25		GET_usuarios	1710035384638	1710035384643	OK	 
USER	Buscar produtos	28	START	1710035384646	1710035384646
REQUEST	28		GET_produtos	1710035384646	1710035384648	OK	 
USER	Buscar usuários	30	START	1710035384815	1710035384815
REQUEST	30		GET_usuarios	1710035384816	1710035384818	OK	 
USER	Buscar usuários	4	END	1710035382216	1710035384977
USER	Buscar produtos	12	END	1710035381605	1710035384998
USER	Buscar usuários	31	START	1710035385017	1710035385017
REQUEST	31		GET_usuarios	1710035385018	1710035385023	OK	 
USER	Buscar produtos	35	START	1710035385116	1710035385116
REQUEST	35		GET_produtos	1710035385118	1710035385123	OK	 
USER	Buscar usuários	32	START	1710035385216	1710035385216
REQUEST	32		GET_usuarios	1710035385217	1710035385223	OK	 
USER	Buscar usuários	6	END	1710035382616	1710035385225
USER	Buscar usuários	5	END	1710035382416	1710035385256
USER	Buscar usuários	7	END	1710035382816	1710035385305
USER	Buscar usuários	33	START	1710035385415	1710035385415
REQUEST	33		GET_usuarios	1710035385416	1710035385420	OK	 
USER	Buscar carrinhos	37	START	1710035385616	1710035385616
USER	Buscar produtos	36	START	1710035385616	1710035385616
USER	Buscar usuários	34	START	1710035385616	1710035385616
REQUEST	37		GET_carrinhos	1710035385617	1710035385620	OK	 
REQUEST	36		GET_produtos	1710035385617	1710035385621	OK	 
REQUEST	34		GET_usuarios	1710035385617	1710035385621	OK	 
USER	Buscar usuários	11	END	1710035383654	1710035385816
USER	Buscar usuários	38	START	1710035385816	1710035385816
REQUEST	38		GET_usuarios	1710035385817	1710035385823	OK	 
USER	Buscar produtos	43	START	1710035385946	1710035385946
REQUEST	43		GET_produtos	1710035385947	1710035385952	OK	 
USER	Buscar usuários	1	END	1710035381601	1710035386006
USER	Buscar usuários	39	START	1710035386015	1710035386015
REQUEST	39		GET_usuarios	1710035386016	1710035386019	OK	 
USER	Buscar usuários	40	START	1710035386216	1710035386216
REQUEST	40		GET_usuarios	1710035386217	1710035386222	OK	 
USER	Buscar usuários	23	END	1710035384236	1710035386266
USER	Buscar produtos	44	START	1710035386285	1710035386285
REQUEST	44		GET_produtos	1710035386286	1710035386289	OK	 
USER	Buscar produtos	13	END	1710035381946	1710035386395
USER	Buscar usuários	41	START	1710035386416	1710035386416
REQUEST	41		GET_usuarios	1710035386416	1710035386419	OK	 
USER	Buscar usuários	42	START	1710035386615	1710035386615
USER	Buscar produtos	45	START	1710035386616	1710035386616
USER	Buscar carrinhos	46	START	1710035386616	1710035386616
REQUEST	42		GET_usuarios	1710035386616	1710035386623	OK	 
REQUEST	45		GET_produtos	1710035386616	1710035386624	OK	 
REQUEST	46		GET_carrinhos	1710035386616	1710035386624	OK	 
USER	Buscar usuários	21	END	1710035383835	1710035386636
USER	Buscar usuários	9	END	1710035383217	1710035386696
USER	Buscar usuários	2	END	1710035381815	1710035386766
USER	Buscar usuários	47	START	1710035386816	1710035386816
REQUEST	47		GET_usuarios	1710035386817	1710035386820	OK	 
USER	Buscar produtos	14	END	1710035382286	1710035386926
USER	Buscar usuários	8	END	1710035383016	1710035386976
USER	Buscar usuários	48	START	1710035387016	1710035387016
REQUEST	48		GET_usuarios	1710035387017	1710035387020	OK	 
USER	Buscar produtos	52	START	1710035387116	1710035387116
REQUEST	52		GET_produtos	1710035387117	1710035387120	OK	 
USER	Buscar usuários	49	START	1710035387216	1710035387216
REQUEST	49		GET_usuarios	1710035387216	1710035387219	OK	 
USER	Buscar usuários	10	END	1710035383426	1710035387376
USER	Buscar usuários	50	START	1710035387416	1710035387416
REQUEST	50		GET_usuarios	1710035387417	1710035387420	OK	 
USER	Buscar carrinhos	18	END	1710035381606	1710035387426
USER	Buscar usuários	30	END	1710035384815	1710035387555
USER	Buscar produtos	53	START	1710035387616	1710035387616
USER	Buscar carrinhos	54	START	1710035387616	1710035387616
USER	Buscar usuários	51	START	1710035387616	1710035387616
REQUEST	53		GET_produtos	1710035387616	1710035387620	OK	 
REQUEST	54		GET_carrinhos	1710035387616	1710035387620	OK	 
REQUEST	51		GET_usuarios	1710035387616	1710035387620	OK	 
USER	Buscar produtos	15	END	1710035382616	1710035387656
USER	Buscar carrinhos	19	END	1710035382616	1710035387706
USER	Buscar usuários	55	START	1710035387816	1710035387816
REQUEST	55		GET_usuarios	1710035387816	1710035387819	OK	 
USER	Buscar produtos	17	END	1710035383616	1710035387845
USER	Buscar produtos	60	START	1710035387945	1710035387945
REQUEST	60		GET_produtos	1710035387946	1710035387949	OK	 
USER	Buscar usuários	56	START	1710035388016	1710035388016
REQUEST	56		GET_usuarios	1710035388017	1710035388020	OK	 
USER	Buscar produtos	16	END	1710035383116	1710035388136
USER	Buscar usuários	57	START	1710035388216	1710035388216
REQUEST	57		GET_usuarios	1710035388216	1710035388221	OK	 
USER	Buscar produtos	61	START	1710035388286	1710035388286
REQUEST	61		GET_produtos	1710035388286	1710035388289	OK	 
USER	Buscar produtos	35	END	1710035385116	1710035388326
USER	Buscar usuários	58	START	1710035388416	1710035388416
REQUEST	58		GET_usuarios	1710035388416	1710035388419	OK	 
USER	Buscar produtos	28	END	1710035384646	1710035388595
USER	Buscar usuários	59	START	1710035388616	1710035388616
USER	Buscar carrinhos	63	START	1710035388616	1710035388616
USER	Buscar produtos	62	START	1710035388616	1710035388616
REQUEST	63		GET_carrinhos	1710035388617	1710035388620	OK	 
REQUEST	59		GET_usuarios	1710035388617	1710035388620	OK	 
REQUEST	62		GET_produtos	1710035388617	1710035388620	OK	 
USER	Buscar produtos	36	END	1710035385616	1710035388646
USER	Buscar usuários	64	START	1710035388816	1710035388816
REQUEST	64		GET_usuarios	1710035388817	1710035388823	OK	 
USER	Buscar usuários	22	END	1710035384037	1710035388897
USER	Buscar usuários	32	END	1710035385216	1710035388897
USER	Buscar usuários	33	END	1710035385415	1710035388976
USER	Buscar produtos	27	END	1710035384296	1710035389017
USER	Buscar usuários	65	START	1710035389016	1710035389016
REQUEST	65		GET_usuarios	1710035389019	1710035389024	OK	 
USER	Buscar produtos	26	END	1710035383965	1710035389076
USER	Buscar produtos	69	START	1710035389116	1710035389116
REQUEST	69		GET_produtos	1710035389117	1710035389123	OK	 
USER	Buscar usuários	48	END	1710035387016	1710035389156
USER	Buscar usuários	31	END	1710035385017	1710035389196
USER	Buscar usuários	66	START	1710035389216	1710035389216
REQUEST	66		GET_usuarios	1710035389217	1710035389221	OK	 
USER	Buscar usuários	24	END	1710035384436	1710035389317
USER	Buscar usuários	67	START	1710035389416	1710035389416
REQUEST	67		GET_usuarios	1710035389417	1710035389422	OK	 
USER	Buscar carrinhos	29	END	1710035384606	1710035389607
USER	Buscar usuários	68	START	1710035389616	1710035389616
USER	Buscar carrinhos	71	START	1710035389616	1710035389616
USER	Buscar produtos	70	START	1710035389616	1710035389616
REQUEST	70		GET_produtos	1710035389617	1710035389621	OK	 
REQUEST	68		GET_usuarios	1710035389617	1710035389622	OK	 
REQUEST	71		GET_carrinhos	1710035389617	1710035389622	OK	 
USER	Buscar usuários	25	END	1710035384636	1710035389656
USER	Buscar produtos	44	END	1710035386285	1710035389656
USER	Buscar usuários	72	START	1710035389816	1710035389816
REQUEST	72		GET_usuarios	1710035389818	1710035389823	OK	 
USER	Buscar usuários	39	END	1710035386015	1710035389836
USER	Buscar usuários	42	END	1710035386615	1710035389937
USER	Buscar produtos	77	START	1710035389946	1710035389946
REQUEST	77		GET_produtos	1710035389947	1710035389953	OK	 
USER	Buscar usuários	40	END	1710035386216	1710035389996
USER	Buscar usuários	73	START	1710035390016	1710035390016
REQUEST	73		GET_usuarios	1710035390017	1710035390022	OK	 
USER	Buscar usuários	51	END	1710035387616	1710035390156
USER	Buscar usuários	55	END	1710035387816	1710035390156
USER	Buscar usuários	74	START	1710035390216	1710035390216
REQUEST	74		GET_usuarios	1710035390217	1710035390222	OK	 
USER	Buscar produtos	78	START	1710035390276	1710035390276
REQUEST	78		GET_produtos	1710035390277	1710035390283	OK	 
USER	Buscar usuários	38	END	1710035385816	1710035390316
USER	Buscar usuários	34	END	1710035385616	1710035390327
USER	Buscar usuários	75	START	1710035390416	1710035390416
REQUEST	75		GET_usuarios	1710035390418	1710035390422	OK	 
USER	Buscar usuários	49	END	1710035387216	1710035390477
USER	Buscar carrinhos	80	START	1710035390616	1710035390616
USER	Buscar produtos	79	START	1710035390616	1710035390616
USER	Buscar usuários	76	START	1710035390616	1710035390616
REQUEST	76		GET_usuarios	1710035390617	1710035390623	OK	 
REQUEST	79		GET_produtos	1710035390617	1710035390623	OK	 
REQUEST	80		GET_carrinhos	1710035390617	1710035390624	OK	 
USER	Buscar carrinhos	20	END	1710035383616	1710035390676
USER	Buscar usuários	47	END	1710035386816	1710035390746
USER	Buscar produtos	43	END	1710035385946	1710035390777
USER	Buscar usuários	81	START	1710035390816	1710035390816
REQUEST	81		GET_usuarios	1710035390818	1710035390823	OK	 
USER	Buscar carrinhos	37	END	1710035385616	1710035390846
USER	Buscar usuários	56	END	1710035388016	1710035391017
USER	Buscar usuários	82	START	1710035391017	1710035391017
REQUEST	82		GET_usuarios	1710035391018	1710035391023	OK	 
USER	Buscar usuários	64	END	1710035388816	1710035391046
USER	Buscar usuários	50	END	1710035387416	1710035391056
USER	Buscar usuários	65	END	1710035389016	1710035391107
USER	Buscar produtos	86	START	1710035391115	1710035391115
REQUEST	86		GET_produtos	1710035391116	1710035391119	OK	 
USER	Buscar usuários	83	START	1710035391216	1710035391216
REQUEST	83		GET_usuarios	1710035391217	1710035391222	OK	 
USER	Buscar usuários	41	END	1710035386416	1710035391376
USER	Buscar usuários	84	START	1710035391416	1710035391416
REQUEST	84		GET_usuarios	1710035391416	1710035391418	OK	 
USER	Buscar usuários	85	START	1710035391616	1710035391616
USER	Buscar produtos	87	START	1710035391616	1710035391616
USER	Buscar carrinhos	88	START	1710035391616	1710035391616
REQUEST	88		GET_carrinhos	1710035391617	1710035391621	OK	 
REQUEST	87		GET_produtos	1710035391617	1710035391622	OK	 
REQUEST	85		GET_usuarios	1710035391616	1710035391623	OK	 
USER	Buscar produtos	60	END	1710035387945	1710035391797
USER	Buscar usuários	89	START	1710035391816	1710035391816
REQUEST	89		GET_usuarios	1710035391817	1710035391821	OK	 
USER	Buscar produtos	94	START	1710035391946	1710035391946
REQUEST	94		GET_produtos	1710035391947	1710035391952	OK	 
USER	Buscar usuários	90	START	1710035392016	1710035392016
REQUEST	90		GET_usuarios	1710035392017	1710035392022	OK	 
USER	Buscar produtos	62	END	1710035388616	1710035392077
USER	Buscar usuários	59	END	1710035388616	1710035392195
USER	Buscar usuários	91	START	1710035392216	1710035392216
REQUEST	91		GET_usuarios	1710035392216	1710035392220	OK	 
USER	Buscar produtos	69	END	1710035389116	1710035392276
USER	Buscar produtos	95	START	1710035392286	1710035392286
REQUEST	95		GET_produtos	1710035392287	1710035392291	OK	 
USER	Buscar carrinhos	54	END	1710035387616	1710035392306
USER	Buscar produtos	45	END	1710035386616	1710035392406
USER	Buscar usuários	92	START	1710035392416	1710035392416
REQUEST	92		GET_usuarios	1710035392417	1710035392423	OK	 
USER	Buscar usuários	68	END	1710035389616	1710035392506
USER	Buscar usuários	93	START	1710035392616	1710035392616
USER	Buscar produtos	96	START	1710035392616	1710035392616
USER	Buscar carrinhos	97	START	1710035392617	1710035392617
REQUEST	97		GET_carrinhos	1710035392617	1710035392622	OK	 
REQUEST	93		GET_usuarios	1710035392617	1710035392621	OK	 
REQUEST	96		GET_produtos	1710035392617	1710035392624	OK	 
USER	Buscar usuários	98	START	1710035392816	1710035392816
REQUEST	98		GET_usuarios	1710035392817	1710035392822	OK	 
USER	Buscar usuários	67	END	1710035389416	1710035392897
USER	Buscar produtos	52	END	1710035387116	1710035392906
USER	Buscar usuários	57	END	1710035388216	1710035392946
USER	Buscar usuários	81	END	1710035390816	1710035392946
USER	Buscar usuários	99	START	1710035393016	1710035393016
REQUEST	99		GET_usuarios	1710035393017	1710035393023	OK	 
USER	Buscar usuários	66	END	1710035389216	1710035393057
USER	Buscar produtos	103	START	1710035393116	1710035393116
REQUEST	103		GET_produtos	1710035393117	1710035393120	OK	 
USER	Buscar usuários	58	END	1710035388416	1710035393187
USER	Buscar usuários	100	START	1710035393216	1710035393216
REQUEST	100		GET_usuarios	1710035393217	1710035393221	OK	 
USER	Buscar usuários	101	START	1710035393416	1710035393416
REQUEST	101		GET_usuarios	1710035393418	1710035393423	OK	 
USER	Buscar usuários	83	END	1710035391216	1710035393426
USER	Buscar produtos	53	END	1710035387616	1710035393556
USER	Buscar usuários	76	END	1710035390616	1710035393566
USER	Buscar usuários	102	START	1710035393616	1710035393616
USER	Buscar produtos	104	START	1710035393616	1710035393616
USER	Buscar carrinhos	105	START	1710035393616	1710035393616
REQUEST	105		GET_carrinhos	1710035393616	1710035393619	OK	 
REQUEST	102		GET_usuarios	1710035393616	1710035393620	OK	 
REQUEST	104		GET_produtos	1710035393616	1710035393620	OK	 
USER	Buscar carrinhos	46	END	1710035386616	1710035393636
USER	Buscar usuários	106	START	1710035393816	1710035393816
REQUEST	106		GET_usuarios	1710035393817	1710035393821	OK	 
USER	Buscar produtos	111	START	1710035393946	1710035393946
REQUEST	111		GET_produtos	1710035393947	1710035393953	OK	 
USER	Buscar usuários	72	END	1710035389816	1710035393956
USER	Buscar produtos	70	END	1710035389616	1710035394006
USER	Buscar usuários	107	START	1710035394016	1710035394016
REQUEST	107		GET_usuarios	1710035394016	1710035394019	OK	 
USER	Buscar usuários	82	END	1710035391017	1710035394165
USER	Buscar produtos	77	END	1710035389946	1710035394186
USER	Buscar usuários	75	END	1710035390416	1710035394216
USER	Buscar produtos	79	END	1710035390616	1710035394216
USER	Buscar usuários	108	START	1710035394216	1710035394216
REQUEST	108		GET_usuarios	1710035394216	1710035394219	OK	 
USER	Buscar produtos	61	END	1710035388286	1710035394236
USER	Buscar usuários	73	END	1710035390016	1710035394256
USER	Buscar produtos	112	START	1710035394285	1710035394285
REQUEST	112		GET_produtos	1710035394287	1710035394290	OK	 
USER	Buscar usuários	89	END	1710035391816	1710035394356
USER	Buscar usuários	85	END	1710035391616	1710035394356
USER	Buscar usuários	109	START	1710035394416	1710035394416
REQUEST	109		GET_usuarios	1710035394417	1710035394419	OK	 
USER	Buscar produtos	86	END	1710035391115	1710035394546
USER	Buscar usuários	84	END	1710035391416	1710035394566
USER	Buscar usuários	110	START	1710035394615	1710035394615
USER	Buscar produtos	113	START	1710035394616	1710035394616
USER	Buscar carrinhos	114	START	1710035394616	1710035394616
REQUEST	110		GET_usuarios	1710035394616	1710035394619	OK	 
REQUEST	114		GET_carrinhos	1710035394616	1710035394619	OK	 
REQUEST	113		GET_produtos	1710035394616	1710035394620	OK	 
USER	Buscar produtos	78	END	1710035390276	1710035394736
USER	Buscar carrinhos	71	END	1710035389616	1710035394746
USER	Buscar usuários	115	START	1710035394816	1710035394816
REQUEST	115		GET_usuarios	1710035394818	1710035394823	OK	 
USER	Buscar usuários	74	END	1710035390216	1710035394926
USER	Buscar usuários	116	START	1710035395016	1710035395016
REQUEST	116		GET_usuarios	1710035395017	1710035395023	OK	 
USER	Buscar produtos	120	START	1710035395116	1710035395116
REQUEST	120		GET_produtos	1710035395117	1710035395122	OK	 
USER	Buscar usuários	117	START	1710035395216	1710035395216
REQUEST	117		GET_usuarios	1710035395217	1710035395221	OK	 
USER	Buscar usuários	118	START	1710035395416	1710035395416
REQUEST	118		GET_usuarios	1710035395417	1710035395421	OK	 
USER	Buscar carrinhos	63	END	1710035388616	1710035395557
USER	Buscar produtos	121	START	1710035395616	1710035395616
USER	Buscar usuários	119	START	1710035395616	1710035395616
USER	Buscar carrinhos	122	START	1710035395616	1710035395616
REQUEST	122		GET_carrinhos	1710035395617	1710035395622	OK	 
REQUEST	121		GET_produtos	1710035395617	1710035395623	OK	 
REQUEST	119		GET_usuarios	1710035395617	1710035395623	OK	 
USER	Buscar usuários	90	END	1710035392016	1710035395646
USER	Buscar usuários	102	END	1710035393616	1710035395686
USER	Buscar usuários	123	START	1710035395816	1710035395816
REQUEST	123		GET_usuarios	1710035395817	1710035395819	OK	 
USER	Buscar usuários	99	END	1710035393016	1710035395886
USER	Buscar produtos	128	START	1710035395946	1710035395946
REQUEST	128		GET_produtos	1710035395946	1710035395949	OK	 
USER	Buscar usuários	124	START	1710035396016	1710035396016
REQUEST	124		GET_usuarios	1710035396017	1710035396020	OK	 
USER	Buscar usuários	125	START	1710035396215	1710035396215
REQUEST	125		GET_usuarios	1710035396217	1710035396220	OK	 
USER	Buscar usuários	92	END	1710035392416	1710035396226
USER	Buscar produtos	94	END	1710035391946	1710035396226
USER	Buscar produtos	129	START	1710035396276	1710035396276
REQUEST	129		GET_produtos	1710035396277	1710035396282	OK	 
USER	Buscar usuários	98	END	1710035392816	1710035396336
USER	Buscar produtos	95	END	1710035392286	1710035396357
USER	Buscar usuários	126	START	1710035396415	1710035396415
REQUEST	126		GET_usuarios	1710035396416	1710035396418	OK	 
USER	Buscar produtos	130	START	1710035396616	1710035396616
USER	Buscar usuários	127	START	1710035396616	1710035396616
USER	Buscar carrinhos	131	START	1710035396616	1710035396616
REQUEST	130		GET_produtos	1710035396617	1710035396622	OK	 
REQUEST	127		GET_usuarios	1710035396617	1710035396622	OK	 
REQUEST	131		GET_carrinhos	1710035396617	1710035396622	OK	 
USER	Buscar usuários	91	END	1710035392216	1710035396667
USER	Buscar usuários	109	END	1710035394416	1710035396676
USER	Buscar carrinhos	97	END	1710035392617	1710035396696
USER	Buscar usuários	93	END	1710035392616	1710035396716
USER	Buscar usuários	132	START	1710035396806	1710035396806
REQUEST	132		GET_usuarios	1710035396807	1710035396810	OK	 
USER	Buscar usuários	110	END	1710035394615	1710035396816
USER	Buscar usuários	101	END	1710035393416	1710035396926
USER	Buscar usuários	133	START	1710035397006	1710035397006
REQUEST	133		GET_usuarios	1710035397008	1710035397013	OK	 
USER	Buscar carrinhos	80	END	1710035390616	1710035397066
USER	Buscar usuários	100	END	1710035393216	1710035397076
USER	Buscar produtos	137	START	1710035397106	1710035397106
REQUEST	137		GET_produtos	1710035397107	1710035397111	OK	 
USER	Buscar usuários	134	START	1710035397206	1710035397206
REQUEST	134		GET_usuarios	1710035397207	1710035397210	OK	 
USER	Buscar produtos	96	END	1710035392616	1710035397296
USER	Buscar produtos	87	END	1710035391616	1710035397316
USER	Buscar usuários	107	END	1710035394016	1710035397377
USER	Buscar usuários	135	START	1710035397406	1710035397406
REQUEST	135		GET_usuarios	1710035397407	1710035397410	OK	 
USER	Buscar carrinhos	88	END	1710035391616	1710035397466
USER	Buscar usuários	108	END	1710035394216	1710035397476
USER	Buscar produtos	138	START	1710035397606	1710035397606
USER	Buscar usuários	136	START	1710035397606	1710035397606
REQUEST	136		GET_usuarios	1710035397607	1710035397611	OK	 
REQUEST	138		GET_produtos	1710035397606	1710035397610	OK	 
USER	Buscar carrinhos	139	START	1710035397617	1710035397617
REQUEST	139		GET_carrinhos	1710035397617	1710035397620	OK	 
USER	Buscar usuários	116	END	1710035395016	1710035397726
USER	Buscar usuários	140	START	1710035397816	1710035397816
REQUEST	140		GET_usuarios	1710035397819	1710035397823	OK	 
USER	Buscar produtos	145	START	1710035397946	1710035397946
REQUEST	145		GET_produtos	1710035397947	1710035397954	OK	 
USER	Buscar usuários	141	START	1710035398016	1710035398016
REQUEST	141		GET_usuarios	1710035398017	1710035398023	OK	 
USER	Buscar produtos	104	END	1710035393616	1710035398146
USER	Buscar usuários	123	END	1710035395816	1710035398146
USER	Buscar usuários	119	END	1710035395616	1710035398197
USER	Buscar usuários	142	START	1710035398216	1710035398216
REQUEST	142		GET_usuarios	1710035398217	1710035398222	OK	 
USER	Buscar produtos	146	START	1710035398286	1710035398286
REQUEST	146		GET_produtos	1710035398288	1710035398293	OK	 
USER	Buscar usuários	115	END	1710035394816	1710035398296
USER	Buscar usuários	143	START	1710035398416	1710035398416
REQUEST	143		GET_usuarios	1710035398417	1710035398422	OK	 
USER	Buscar usuários	124	END	1710035396016	1710035398546
USER	Buscar usuários	144	START	1710035398616	1710035398616
USER	Buscar produtos	147	START	1710035398616	1710035398616
USER	Buscar carrinhos	148	START	1710035398616	1710035398616
REQUEST	144		GET_usuarios	1710035398617	1710035398622	OK	 
REQUEST	147		GET_produtos	1710035398617	1710035398623	OK	 
REQUEST	148		GET_carrinhos	1710035398618	1710035398623	OK	 
USER	Buscar produtos	121	END	1710035395616	1710035398646
USER	Buscar produtos	111	END	1710035393946	1710035398676
USER	Buscar usuários	106	END	1710035393816	1710035398696
USER	Buscar usuários	149	START	1710035398816	1710035398816
REQUEST	149		GET_usuarios	1710035398817	1710035398821	OK	 
USER	Buscar produtos	103	END	1710035393116	1710035399016
USER	Buscar usuários	150	START	1710035399016	1710035399016
REQUEST	150		GET_usuarios	1710035399018	1710035399022	OK	 
USER	Buscar usuários	117	END	1710035395216	1710035399107
USER	Buscar produtos	154	START	1710035399116	1710035399116
REQUEST	154		GET_produtos	1710035399117	1710035399121	OK	 
USER	Buscar usuários	151	START	1710035399216	1710035399216
REQUEST	151		GET_usuarios	1710035399217	1710035399220	OK	 
USER	Buscar produtos	120	END	1710035395116	1710035399417
USER	Buscar usuários	152	START	1710035399417	1710035399417
REQUEST	152		GET_usuarios	1710035399419	1710035399423	OK	 
USER	Buscar carrinhos	105	END	1710035393616	1710035399487
USER	Buscar usuários	153	START	1710035399616	1710035399616
USER	Buscar produtos	155	START	1710035399617	1710035399617
USER	Buscar carrinhos	156	START	1710035399617	1710035399617
REQUEST	153		GET_usuarios	1710035399618	1710035399623	OK	 
REQUEST	156		GET_carrinhos	1710035399618	1710035399623	OK	 
REQUEST	155		GET_produtos	1710035399618	1710035399624	OK	 
USER	Buscar produtos	130	END	1710035396616	1710035399666
USER	Buscar usuários	134	END	1710035397206	1710035399707
USER	Buscar usuários	127	END	1710035396616	1710035399807
USER	Buscar usuários	157	START	1710035399816	1710035399816
REQUEST	157		GET_usuarios	1710035399817	1710035399821	OK	 
USER	Buscar produtos	162	START	1710035399946	1710035399946
REQUEST	162		GET_produtos	1710035399947	1710035399953	OK	 
USER	Buscar produtos	113	END	1710035394616	1710035399967
USER	Buscar usuários	158	START	1710035400016	1710035400016
REQUEST	158		GET_usuarios	1710035400016	1710035400019	OK	 
USER	Buscar carrinhos	122	END	1710035395616	1710035400026
USER	Buscar usuários	133	END	1710035397006	1710035400035
USER	Buscar usuários	141	END	1710035398016	1710035400056
USER	Buscar produtos	112	END	1710035394285	1710035400076
USER	Buscar usuários	159	START	1710035400216	1710035400216
REQUEST	159		GET_usuarios	1710035400217	1710035400223	OK	 
USER	Buscar produtos	163	START	1710035400275	1710035400275
REQUEST	163		GET_produtos	1710035400277	1710035400281	OK	 
USER	Buscar usuários	118	END	1710035395416	1710035400347
USER	Buscar usuários	142	END	1710035398216	1710035400386
USER	Buscar usuários	160	START	1710035400416	1710035400416
REQUEST	160		GET_usuarios	1710035400417	1710035400422	OK	 
USER	Buscar usuários	135	END	1710035397406	1710035400446
USER	Buscar usuários	161	START	1710035400615	1710035400615
USER	Buscar produtos	164	START	1710035400616	1710035400616
USER	Buscar carrinhos	165	START	1710035400616	1710035400616
REQUEST	165		GET_carrinhos	1710035400617	1710035400622	OK	 
REQUEST	164		GET_produtos	1710035400617	1710035400623	OK	 
REQUEST	161		GET_usuarios	1710035400616	1710035400623	OK	 
USER	Buscar produtos	138	END	1710035397606	1710035400656
USER	Buscar usuários	125	END	1710035396215	1710035400706
USER	Buscar usuários	166	START	1710035400817	1710035400817
REQUEST	166		GET_usuarios	1710035400819	1710035400823	OK	 
USER	Buscar carrinhos	114	END	1710035394616	1710035400876
USER	Buscar produtos	128	END	1710035395946	1710035400966
USER	Buscar usuários	167	START	1710035401016	1710035401016
REQUEST	167		GET_usuarios	1710035401016	1710035401020	OK	 
USER	Buscar usuários	126	END	1710035396415	1710035401077
USER	Buscar produtos	129	END	1710035396276	1710035401106
USER	Buscar produtos	170	START	1710035401116	1710035401116
REQUEST	170		GET_produtos	1710035401117	1710035401120	OK	 
USER	Buscar usuários	168	START	1710035401216	1710035401216
REQUEST	168		GET_usuarios	1710035401217	1710035401222	OK	 
USER	Buscar usuários	150	END	1710035399016	1710035401406
USER	Buscar usuários	169	START	1710035401415	1710035401415
REQUEST	169		GET_usuarios	1710035401416	1710035401421	OK	 
USER	Buscar usuários	132	END	1710035396806	1710035401496
USER	Buscar usuários	152	END	1710035399417	1710035401666
USER	Buscar usuários	140	END	1710035397816	1710035401796
USER	Buscar usuários	149	END	1710035398816	1710035401856
USER	Buscar produtos	147	END	1710035398616	1710035401876
USER	Buscar carrinhos	139	END	1710035397617	1710035402086
USER	Buscar usuários	136	END	1710035397606	1710035402196
USER	Buscar usuários	143	END	1710035398416	1710035402216
USER	Buscar produtos	145	END	1710035397946	1710035402327
USER	Buscar usuários	144	END	1710035398616	1710035402477
USER	Buscar produtos	137	END	1710035397106	1710035402496
USER	Buscar usuários	158	END	1710035400016	1710035402566
USER	Buscar carrinhos	131	END	1710035396616	1710035402576
USER	Buscar usuários	153	END	1710035399616	1710035402756
USER	Buscar usuários	160	END	1710035400416	1710035402906
USER	Buscar produtos	154	END	1710035399116	1710035403087
USER	Buscar produtos	146	END	1710035398286	1710035403136
USER	Buscar usuários	168	END	1710035401216	1710035403306
USER	Buscar usuários	167	END	1710035401016	1710035403336
USER	Buscar usuários	151	END	1710035399216	1710035403346
USER	Buscar produtos	155	END	1710035399617	1710035403376
USER	Buscar usuários	161	END	1710035400615	1710035403555
USER	Buscar usuários	157	END	1710035399816	1710035404136
USER	Buscar carrinhos	148	END	1710035398616	1710035404156
USER	Buscar usuários	159	END	1710035400216	1710035404256
USER	Buscar carrinhos	156	END	1710035399617	1710035404286
USER	Buscar usuários	166	END	1710035400817	1710035404346
USER	Buscar produtos	163	END	1710035400275	1710035404766
USER	Buscar produtos	164	END	1710035400616	1710035404836
USER	Buscar usuários	169	END	1710035401415	1710035405676
USER	Buscar produtos	162	END	1710035399946	1710035405916
USER	Buscar produtos	170	END	1710035401116	1710035406605
USER	Buscar carrinhos	165	END	1710035400616	1710035407035
