ASSERTION	AAEDAAEBAwAAAAAAAABZQA==
ASSERTION	AAICAAIBAAAAAAAAABRA
RUN	AdvancedSimulation	advancedsimulation	1710115806850	 	3.2.1
USER	Editar Usuário	1	START	1710115807784	1710115807784
REQUEST	1		PUT_Usuario	1710115807809	1710115807827	KO	status.find.is(201), but actually found 400
USER	Editar Usuário	1	END	1710115807784	1710115807847
USER	Editar Usuário	2	START	1710115808790	1710115808790
REQUEST	2		PUT_Usuario	1710115808791	1710115808799	KO	status.find.is(201), but actually found 400
USER	Editar Usuário	2	END	1710115808790	1710115808800
USER	Editar Usuário	3	START	1710115809791	1710115809791
REQUEST	3		PUT_Usuario	1710115809792	1710115809798	KO	status.find.is(201), but actually found 400
USER	Editar Usuário	3	END	1710115809791	1710115809800
USER	Editar Usuário	4	START	1710115810790	1710115810790
REQUEST	4		PUT_Usuario	1710115810790	1710115810795	KO	status.find.is(201), but actually found 400
USER	Editar Usuário	4	END	1710115810790	1710115810796
USER	Editar Usuário	5	START	1710115811790	1710115811790
REQUEST	5		PUT_Usuario	1710115811792	1710115811798	KO	status.find.is(201), but actually found 400
USER	Editar Usuário	5	END	1710115811790	1710115811800
USER	Editar Usuário	6	START	1710115812789	1710115812789
REQUEST	6		PUT_Usuario	1710115812790	1710115812795	KO	status.find.is(201), but actually found 400
USER	Editar Usuário	6	END	1710115812789	1710115812796
USER	Editar Usuário	7	START	1710115813790	1710115813790
REQUEST	7		PUT_Usuario	1710115813792	1710115813797	KO	status.find.is(201), but actually found 400
USER	Editar Usuário	7	END	1710115813790	1710115813798
USER	Editar Usuário	8	START	1710115814790	1710115814790
REQUEST	8		PUT_Usuario	1710115814792	1710115814798	KO	status.find.is(201), but actually found 400
USER	Editar Usuário	8	END	1710115814790	1710115814799
USER	Editar Usuário	9	START	1710115815790	1710115815790
REQUEST	9		PUT_Usuario	1710115815791	1710115815795	KO	status.find.is(201), but actually found 400
USER	Editar Usuário	9	END	1710115815790	1710115815796
USER	Editar Usuário	10	START	1710115816790	1710115816790
REQUEST	10		PUT_Usuario	1710115816791	1710115816797	KO	status.find.is(201), but actually found 400
USER	Editar Usuário	10	END	1710115816790	1710115816799
USER	Editar Usuário	11	START	1710115817790	1710115817790
REQUEST	11		PUT_Usuario	1710115817790	1710115817795	KO	status.find.is(201), but actually found 400
USER	Editar Usuário	11	END	1710115817790	1710115817796
USER	Editar Usuário	12	START	1710115818789	1710115818789
REQUEST	12		PUT_Usuario	1710115818790	1710115818794	KO	status.find.is(201), but actually found 400
USER	Editar Usuário	12	END	1710115818789	1710115818795
USER	Editar Usuário	13	START	1710115819789	1710115819789
REQUEST	13		PUT_Usuario	1710115819791	1710115819796	KO	status.find.is(201), but actually found 400
USER	Editar Usuário	13	END	1710115819789	1710115819797
USER	Editar Usuário	14	START	1710115820790	1710115820790
REQUEST	14		PUT_Usuario	1710115820790	1710115820796	KO	status.find.is(201), but actually found 400
USER	Editar Usuário	14	END	1710115820790	1710115820797
USER	Editar Usuário	15	START	1710115821790	1710115821790
REQUEST	15		PUT_Usuario	1710115821791	1710115821797	KO	status.find.is(201), but actually found 400
USER	Editar Usuário	15	END	1710115821790	1710115821798
USER	Editar Usuário	16	START	1710115822790	1710115822790
REQUEST	16		PUT_Usuario	1710115822790	1710115822793	KO	status.find.is(201), but actually found 400
USER	Editar Usuário	16	END	1710115822790	1710115822794
USER	Editar Usuário	17	START	1710115823790	1710115823790
REQUEST	17		PUT_Usuario	1710115823791	1710115823795	KO	status.find.is(201), but actually found 400
USER	Editar Usuário	17	END	1710115823790	1710115823796
USER	Editar Usuário	18	START	1710115824789	1710115824789
REQUEST	18		PUT_Usuario	1710115824790	1710115824794	KO	status.find.is(201), but actually found 400
USER	Editar Usuário	18	END	1710115824789	1710115824796
USER	Editar Usuário	19	START	1710115825790	1710115825790
REQUEST	19		PUT_Usuario	1710115825791	1710115825794	KO	status.find.is(201), but actually found 400
USER	Editar Usuário	19	END	1710115825790	1710115825795
USER	Editar Usuário	20	START	1710115826789	1710115826789
REQUEST	20		PUT_Usuario	1710115826790	1710115826793	KO	status.find.is(201), but actually found 400
USER	Editar Usuário	20	END	1710115826789	1710115826794
USER	Editar Usuário	24	START	1710115827790	1710115827790
USER	Editar Usuário	26	START	1710115827790	1710115827790
USER	Editar Usuário	25	START	1710115827790	1710115827790
USER	Editar Usuário	27	START	1710115827791	1710115827791
USER	Editar Usuário	21	START	1710115827789	1710115827789
USER	Editar Usuário	30	START	1710115827791	1710115827791
USER	Editar Usuário	22	START	1710115827789	1710115827789
USER	Editar Usuário	29	START	1710115827792	1710115827792
USER	Editar Usuário	23	START	1710115827789	1710115827789
REQUEST	25		PUT_Usuario	1710115827790	1710115827793	KO	status.find.is(201), but actually found 400
USER	Editar Usuário	28	START	1710115827793	1710115827793
REQUEST	26		PUT_Usuario	1710115827791	1710115827795	KO	status.find.is(201), but actually found 400
REQUEST	30		PUT_Usuario	1710115827791	1710115827795	KO	status.find.is(201), but actually found 400
USER	Editar Usuário	25	END	1710115827790	1710115827795
USER	Editar Usuário	26	END	1710115827790	1710115827797
REQUEST	24		PUT_Usuario	1710115827790	1710115827796	KO	status.find.is(201), but actually found 400
USER	Editar Usuário	30	END	1710115827791	1710115827797
USER	Editar Usuário	24	END	1710115827790	1710115827799
REQUEST	21		PUT_Usuario	1710115827790	1710115827799	KO	status.find.is(201), but actually found 400
USER	Editar Usuário	21	END	1710115827789	1710115827801
REQUEST	27		PUT_Usuario	1710115827791	1710115827801	KO	status.find.is(201), but actually found 400
USER	Editar Usuário	27	END	1710115827791	1710115827805
REQUEST	22		PUT_Usuario	1710115827790	1710115827806	KO	status.find.is(201), but actually found 400
USER	Editar Usuário	22	END	1710115827789	1710115827808
REQUEST	29		PUT_Usuario	1710115827792	1710115827808	KO	status.find.is(201), but actually found 400
USER	Editar Usuário	29	END	1710115827792	1710115827810
REQUEST	28		PUT_Usuario	1710115827795	1710115827810	KO	status.find.is(201), but actually found 400
REQUEST	23		PUT_Usuario	1710115827790	1710115827812	KO	status.find.is(201), but actually found 400
USER	Editar Usuário	28	END	1710115827793	1710115827813
USER	Editar Usuário	23	END	1710115827789	1710115827813
