ASSERTION	AAEDAAEBAwAAAAAAAABZQA==
ASSERTION	AAICAAIBAAAAAAAAABRA
RUN	AdvancedSimulation	advancedsimulation	1710115639224	 	3.2.1
USER	Editar Usuário	1	START	1710115639890	1710115639890
REQUEST	1		PUT_Usuario	1710115639940	1710115639953	KO	status.find.is(201), but actually found 400
USER	Editar Usuário	1	END	1710115639890	1710115639974
USER	Editar Usuário	2	START	1710115640907	1710115640907
REQUEST	2		PUT_Usuario	1710115640908	1710115640916	KO	status.find.is(201), but actually found 400
USER	Editar Usuário	2	END	1710115640907	1710115640917
USER	Editar Usuário	3	START	1710115641906	1710115641906
REQUEST	3		PUT_Usuario	1710115641907	1710115641912	KO	status.find.is(201), but actually found 400
USER	Editar Usuário	3	END	1710115641906	1710115641913
USER	Editar Usuário	4	START	1710115642897	1710115642897
REQUEST	4		PUT_Usuario	1710115642898	1710115642901	KO	status.find.is(201), but actually found 400
USER	Editar Usuário	4	END	1710115642897	1710115642902
USER	Editar Usuário	5	START	1710115643897	1710115643897
REQUEST	5		PUT_Usuario	1710115643898	1710115643903	KO	status.find.is(201), but actually found 400
USER	Editar Usuário	5	END	1710115643897	1710115643904
USER	Editar Usuário	6	START	1710115644897	1710115644897
REQUEST	6		PUT_Usuario	1710115644898	1710115644902	KO	status.find.is(201), but actually found 400
USER	Editar Usuário	6	END	1710115644897	1710115644903
USER	Editar Usuário	7	START	1710115645897	1710115645897
REQUEST	7		PUT_Usuario	1710115645898	1710115645904	KO	status.find.is(201), but actually found 400
USER	Editar Usuário	7	END	1710115645897	1710115645905
USER	Editar Usuário	8	START	1710115646897	1710115646897
REQUEST	8		PUT_Usuario	1710115646898	1710115646901	KO	status.find.is(201), but actually found 400
USER	Editar Usuário	8	END	1710115646897	1710115646902
USER	Editar Usuário	9	START	1710115647897	1710115647897
REQUEST	9		PUT_Usuario	1710115647898	1710115647901	KO	status.find.is(201), but actually found 400
USER	Editar Usuário	9	END	1710115647897	1710115647902
USER	Editar Usuário	10	START	1710115648897	1710115648897
REQUEST	10		PUT_Usuario	1710115648897	1710115648902	KO	status.find.is(201), but actually found 400
USER	Editar Usuário	10	END	1710115648897	1710115648903
USER	Editar Usuário	11	START	1710115649896	1710115649896
REQUEST	11		PUT_Usuario	1710115649898	1710115649905	KO	status.find.is(201), but actually found 400
USER	Editar Usuário	11	END	1710115649896	1710115649906
USER	Editar Usuário	12	START	1710115650897	1710115650897
REQUEST	12		PUT_Usuario	1710115650897	1710115650902	KO	status.find.is(201), but actually found 400
USER	Editar Usuário	12	END	1710115650897	1710115650902
USER	Editar Usuário	13	START	1710115651897	1710115651897
REQUEST	13		PUT_Usuario	1710115651897	1710115651905	KO	status.find.is(201), but actually found 400
USER	Editar Usuário	13	END	1710115651897	1710115651907
USER	Editar Usuário	14	START	1710115652896	1710115652896
REQUEST	14		PUT_Usuario	1710115652897	1710115652901	KO	status.find.is(201), but actually found 400
USER	Editar Usuário	14	END	1710115652896	1710115652902
USER	Editar Usuário	15	START	1710115653897	1710115653897
REQUEST	15		PUT_Usuario	1710115653897	1710115653901	KO	status.find.is(201), but actually found 400
USER	Editar Usuário	15	END	1710115653897	1710115653902
USER	Editar Usuário	16	START	1710115654896	1710115654896
REQUEST	16		PUT_Usuario	1710115654897	1710115654900	KO	status.find.is(201), but actually found 400
USER	Editar Usuário	16	END	1710115654896	1710115654901
USER	Editar Usuário	17	START	1710115655896	1710115655896
REQUEST	17		PUT_Usuario	1710115655897	1710115655900	KO	status.find.is(201), but actually found 400
USER	Editar Usuário	17	END	1710115655896	1710115655901
USER	Editar Usuário	18	START	1710115656897	1710115656897
REQUEST	18		PUT_Usuario	1710115656897	1710115656904	KO	status.find.is(201), but actually found 400
USER	Editar Usuário	18	END	1710115656897	1710115656906
USER	Editar Usuário	19	START	1710115657896	1710115657896
REQUEST	19		PUT_Usuario	1710115657897	1710115657902	KO	status.find.is(201), but actually found 400
USER	Editar Usuário	19	END	1710115657896	1710115657903
USER	Editar Usuário	20	START	1710115658896	1710115658896
REQUEST	20		PUT_Usuario	1710115658897	1710115658901	KO	status.find.is(201), but actually found 400
USER	Editar Usuário	20	END	1710115658896	1710115658902
USER	Editar Usuário	22	START	1710115659897	1710115659897
USER	Editar Usuário	25	START	1710115659897	1710115659897
USER	Editar Usuário	26	START	1710115659897	1710115659897
USER	Editar Usuário	24	START	1710115659897	1710115659897
USER	Editar Usuário	30	START	1710115659900	1710115659900
USER	Editar Usuário	27	START	1710115659900	1710115659900
USER	Editar Usuário	21	START	1710115659897	1710115659897
USER	Editar Usuário	23	START	1710115659897	1710115659897
USER	Editar Usuário	28	START	1710115659906	1710115659906
REQUEST	26		PUT_Usuario	1710115659898	1710115659905	KO	status.find.is(201), but actually found 400
REQUEST	25		PUT_Usuario	1710115659897	1710115659903	KO	status.find.is(201), but actually found 400
USER	Editar Usuário	29	START	1710115659907	1710115659907
REQUEST	24		PUT_Usuario	1710115659897	1710115659902	KO	status.find.is(201), but actually found 400
USER	Editar Usuário	26	END	1710115659897	1710115659909
REQUEST	30		PUT_Usuario	1710115659900	1710115659908	KO	status.find.is(201), but actually found 400
REQUEST	27		PUT_Usuario	1710115659900	1710115659910	KO	status.find.is(201), but actually found 400
USER	Editar Usuário	25	END	1710115659897	1710115659910
USER	Editar Usuário	30	END	1710115659900	1710115659910
USER	Editar Usuário	24	END	1710115659897	1710115659910
USER	Editar Usuário	27	END	1710115659900	1710115659913
REQUEST	22		PUT_Usuario	1710115659897	1710115659916	KO	status.find.is(201), but actually found 400
REQUEST	23		PUT_Usuario	1710115659898	1710115659917	KO	status.find.is(201), but actually found 400
USER	Editar Usuário	22	END	1710115659897	1710115659918
USER	Editar Usuário	23	END	1710115659897	1710115659918
REQUEST	28		PUT_Usuario	1710115659907	1710115659918	KO	status.find.is(201), but actually found 400
USER	Editar Usuário	28	END	1710115659906	1710115659920
REQUEST	29		PUT_Usuario	1710115659908	1710115659921	KO	status.find.is(201), but actually found 400
USER	Editar Usuário	29	END	1710115659907	1710115659923
REQUEST	21		PUT_Usuario	1710115659897	1710115659923	KO	status.find.is(201), but actually found 400
USER	Editar Usuário	21	END	1710115659897	1710115659925
